Start testing: May 19 12:46 KST
----------------------------------------------------------
1/12 Testing: Parser_GetTagInfo_ParsesValueAndFields
1/12 Test: Parser_GetTagInfo_ParsesValueAndFields
Command: "/home/ymy/Developer/iiHtmlBlock/build/GetTagInfo_test"
Directory: /home/ymy/Developer/iiHtmlBlock/build
"Parser_GetTagInfo_ParsesValueAndFields" start time: May 19 12:46 KST
Output:
----------------------------------------------------------
GetTagInfo::GetTagInfo constructed
GetTagInfo::Parse begin input_size= 107
iiXml::Parser::TagParser::TagParser constructed
iiXml::Parser::TagParser::ParseAll begin input_size= 70
iiXml::Parser::TagParser::ParseAll input input_size= 70 line_count= 1 preview= <XML id="main" order=7 visible=true ratio=1.5><b...
iiXml::Elements::OpenTag::OpenTag constructed
iiXml::Elements::OpenTag::ParseOpenTags begin input_size= 70
iiXml::Elements::OpenTag::ParseOpenTags input input_size= 70 line_count= 1 preview= <XML id="main" order=7 visible=true ratio=1.5><b...
iiXml::Elements::OpenTag::ParseOpenTags parsing event= open_tag name=XML offset= 0 line= 1 column= 1 context= <XML id="main" order=7 visible=t...
iiXml::Elements::OpenTag::ParseOpenTags parsing event= open_tag name=body offset= 46 line= 1 column= 47 context= ... order=7 visible=true ratio=1.5><body>Hello</body></XML>
iiXml::Elements::OpenTag::ParseOpenTags parsing event= close_tag name=body offset= 57 line= 1 column= 58 context= ...sible=true ratio=1.5><body>Hello</body></XML>
iiXml::Elements::OpenTag::ParseOpenTags parsing event= close_tag name=XML offset= 64 line= 1 column= 65 context= ...rue ratio=1.5><body>Hello</body></XML>
iiXml::Elements::OpenTag::ParseOpenTags parsed tag_count= 2
iiXml::Elements::OpenTag::ParseOpenTags output status= parsed summary= tag_count=2
iiXml::Parser::TagParser::ParseAll output status= ranges_collected summary= range_count=2
iiXml::Parser::TagParser::ParseAll parsing event= node_range offset= 0 line= 1 column= 1 context= <XML id="main" order=7 visible=t...
iiXml::Parser::TagParser::ParseAll parsing event= fields_begin offset= 0 line= 1 column= 1 context= <XML id="main" order=7 visible=t...
iiXml::Elements::InlineProperties::InlineProperties constructed
iiXml::Elements::InlineProperties::Parse begin input_size= 46 source_offset= 0
iiXml::Elements::InlineProperties::Parse input input_size= 46 line_count= 1 preview= <XML id="main" order=7 visible=true ratio=1.5>
iiXml::Elements::InlineProperties::Parse parsing event= property name=id offset= 5 line= 1 column= 6 context= <XML id="main" order=7 visible=true r...
iiXml::Elements::InlineProperties::Parse property name= "id" HasValue= true type= string TypeDeclared= false
iiXml::Elements::InlineProperties::Parse parsing event= property name=order offset= 15 line= 1 column= 16 context= <XML id="main" order=7 visible=true ratio=1.5>
iiXml::Elements::InlineProperties::Parse property name= "order" HasValue= true type= int TypeDeclared= false
iiXml::Elements::InlineProperties::Parse parsing event= property name=visible offset= 23 line= 1 column= 24 context= <XML id="main" order=7 visible=true ratio=1.5>
iiXml::Elements::InlineProperties::Parse property name= "visible" HasValue= true type= bool TypeDeclared= false
iiXml::Elements::InlineProperties::Parse parsing event= property name=ratio offset= 36 line= 1 column= 37 context= ... id="main" order=7 visible=true ratio=1.5>
iiXml::Elements::InlineProperties::Parse property name= "ratio" HasValue= true type= float TypeDeclared= false
iiXml::Elements::InlineProperties::Parse parsed property_count= 4
iiXml::Elements::InlineProperties::Parse output status= parsed summary= property_count=4
iiXml::Parser::TagParser::ParseAll output status= fields_parsed summary= field_count=4
iiXml::Parser::TagParser::ParseAll parsing event= node_range offset= 46 line= 1 column= 47 context= ... order=7 visible=true ratio=1.5><body>Hello</body></XML>
iiXml::Parser::TagParser::ParseAll parsing event= fields_begin offset= 46 line= 1 column= 47 context= ... order=7 visible=true ratio=1.5><body>Hello</body></XML>
iiXml::Elements::InlineProperties::InlineProperties constructed
iiXml::Elements::InlineProperties::Parse begin input_size= 6 source_offset= 46
iiXml::Elements::InlineProperties::Parse input input_size= 6 line_count= 1 preview= <body>
iiXml::Elements::InlineProperties::Parse parsed property_count= 0
iiXml::Elements::InlineProperties::Parse output status= parsed summary= property_count=0
iiXml::Parser::TagParser::ParseAll output status= fields_parsed summary= field_count=0
iiXml::Parser::TagParser::ParseAll parsed root_count= 1
iiXml::Parser::TagParser::ParseAll output status= parsed summary= root_count=1
GetTagInfo::Parse parsed tag= "XML" value_size= 18 field_count= 4
GetTagInfo::GetTagInfo constructed
GetTagInfo::Parse begin input_size= 106
iiXml::Parser::TagParser::TagParser constructed
iiXml::Parser::TagParser::ParseAll begin input_size= 106
iiXml::Parser::TagParser::ParseAll input input_size= 106 line_count= 8 preview= <XML>\n  <body>\n    <paragraph order="1">\n      H...
iiXml::Elements::OpenTag::OpenTag constructed
iiXml::Elements::OpenTag::ParseOpenTags begin input_size= 106
iiXml::Elements::OpenTag::ParseOpenTags input input_size= 106 line_count= 8 preview= <XML>\n  <body>\n    <paragraph order="1">\n      H...
iiXml::Elements::OpenTag::ParseOpenTags parsing event= open_tag name=XML offset= 0 line= 1 column= 1 context= <XML>\n  <body>\n    <paragraph or...
iiXml::Elements::OpenTag::ParseOpenTags parsing event= open_tag name=body offset= 8 line= 2 column= 3 context= <XML>\n  <body>\n    <paragraph order="1">...
iiXml::Elements::OpenTag::ParseOpenTags parsing event= open_tag name=paragraph offset= 19 line= 3 column= 5 context= <XML>\n  <body>\n    <paragraph order="1">\n      Hell...
iiXml::Elements::OpenTag::ParseOpenTags parsing event= open_tag name=bold offset= 53 line= 4 column= 13 context= ...aragraph order="1">\n      Hello <bold>world\n    </paragraph>\n</b...
iiXml::Elements::OpenTag::ParseOpenTags parsing event= close_tag name=paragraph offset= 69 line= 5 column= 5 context= ...1">\n      Hello <bold>world\n    </paragraph>\n</bold>\n  </body>\n<...
iiXml::Elements::OpenTag::ParseOpenTags parsing event= close_tag name=bold offset= 82 line= 6 column= 1 context= ...lo <bold>world\n    </paragraph>\n</bold>\n  </body>\n</XML>
iiXml::Elements::OpenTag::ParseOpenTags parsing event= close_tag name=body offset= 92 line= 7 column= 3 context= ...orld\n    </paragraph>\n</bold>\n  </body>\n</XML>
iiXml::Elements::OpenTag::ParseOpenTags parsing event= close_tag name=XML offset= 100 line= 8 column= 1 context= ... </paragraph>\n</bold>\n  </body>\n</XML>
iiXml::Elements::OpenTag::ParseOpenTags parsed tag_count= 4
iiXml::Elements::OpenTag::ParseOpenTags output status= parsed summary= tag_count=4
iiXml::Parser::TagParser::ParseAll output status= ranges_collected summary= range_count=4
iiXml::Parser::TagParser::ParseAll parsing event= node_range offset= 0 line= 1 column= 1 context= <XML>\n  <body>\n    <paragraph or...
iiXml::Parser::TagParser::ParseAll parsing event= fields_begin offset= 0 line= 1 column= 1 context= <XML>\n  <body>\n    <paragraph or...
iiXml::Elements::InlineProperties::InlineProperties constructed
iiXml::Elements::InlineProperties::Parse begin input_size= 5 source_offset= 0
iiXml::Elements::InlineProperties::Parse input input_size= 5 line_count= 1 preview= <XML>
iiXml::Elements::InlineProperties::Parse parsed property_count= 0
iiXml::Elements::InlineProperties::Parse output status= parsed summary= property_count=0
iiXml::Parser::TagParser::ParseAll output status= fields_parsed summary= field_count=0
iiXml::Parser::TagParser::ParseAll parsing event= node_range offset= 8 line= 2 column= 3 context= <XML>\n  <body>\n    <paragraph order="1">...
iiXml::Parser::TagParser::ParseAll parsing event= fields_begin offset= 8 line= 2 column= 3 context= <XML>\n  <body>\n    <paragraph order="1">...
iiXml::Elements::InlineProperties::InlineProperties constructed
iiXml::Elements::InlineProperties::Parse begin input_size= 6 source_offset= 8
iiXml::Elements::InlineProperties::Parse input input_size= 6 line_count= 1 preview= <body>
iiXml::Elements::InlineProperties::Parse parsed property_count= 0
iiXml::Elements::InlineProperties::Parse output status= parsed summary= property_count=0
iiXml::Parser::TagParser::ParseAll output status= fields_parsed summary= field_count=0
iiXml::Parser::TagParser::ParseAll parsing event= node_range offset= 19 line= 3 column= 5 context= <XML>\n  <body>\n    <paragraph order="1">\n      Hell...
iiXml::Parser::TagParser::ParseAll parsing event= fields_begin offset= 19 line= 3 column= 5 context= <XML>\n  <body>\n    <paragraph order="1">\n      Hell...
iiXml::Elements::InlineProperties::InlineProperties constructed
iiXml::Elements::InlineProperties::Parse begin input_size= 21 source_offset= 19
iiXml::Elements::InlineProperties::Parse input input_size= 21 line_count= 1 preview= <paragraph order="1">
iiXml::Elements::InlineProperties::Parse parsing event= property name=order offset= 11 line= 1 column= 12 context= <paragraph order="1">
iiXml::Elements::InlineProperties::Parse property name= "order" HasValue= true type= string TypeDeclared= false
iiXml::Elements::InlineProperties::Parse parsed property_count= 1
iiXml::Elements::InlineProperties::Parse output status= parsed summary= property_count=1
iiXml::Parser::TagParser::ParseAll output status= fields_parsed summary= field_count=1
iiXml::Parser::TagParser::ParseAll parsing event= node_range offset= 53 line= 4 column= 13 context= ...aragraph order="1">\n      Hello <bold>world\n    </paragraph>\n</b...
iiXml::Parser::TagParser::ParseAll parsing event= fields_begin offset= 53 line= 4 column= 13 context= ...aragraph order="1">\n      Hello <bold>world\n    </paragraph>\n</b...
iiXml::Elements::InlineProperties::InlineProperties constructed
iiXml::Elements::InlineProperties::Parse begin input_size= 6 source_offset= 53
iiXml::Elements::InlineProperties::Parse input input_size= 6 line_count= 1 preview= <bold>
iiXml::Elements::InlineProperties::Parse parsed property_count= 0
iiXml::Elements::InlineProperties::Parse output status= parsed summary= property_count=0
iiXml::Parser::TagParser::ParseAll output status= fields_parsed summary= field_count=0
iiXml::Parser::TagParser::ParseAll parsed root_count= 1
iiXml::Parser::TagParser::ParseAll output status= parsed summary= root_count=1
GetTagInfo::Parse parsed tag= "XML" value_size= 95 field_count= 0
GetTagInfo::GetTagInfo constructed
GetTagInfo::Parse begin input_size= 26
iiXml::Parser::TagParser::TagParser constructed
iiXml::Parser::TagParser::ParseAll begin input_size= 26
iiXml::Parser::TagParser::ParseAll input input_size= 26 line_count= 1 preview= <XML id="main">value</XML>
iiXml::Elements::OpenTag::OpenTag constructed
iiXml::Elements::OpenTag::ParseOpenTags begin input_size= 26
iiXml::Elements::OpenTag::ParseOpenTags input input_size= 26 line_count= 1 preview= <XML id="main">value</XML>
iiXml::Elements::OpenTag::ParseOpenTags parsing event= open_tag name=XML offset= 0 line= 1 column= 1 context= <XML id="main">value</XML>
iiXml::Elements::OpenTag::ParseOpenTags parsing event= close_tag name=XML offset= 20 line= 1 column= 21 context= <XML id="main">value</XML>
iiXml::Elements::OpenTag::ParseOpenTags parsed tag_count= 1
iiXml::Elements::OpenTag::ParseOpenTags output status= parsed summary= tag_count=1
iiXml::Parser::TagParser::ParseAll output status= ranges_collected summary= range_count=1
iiXml::Parser::TagParser::ParseAll parsing event= node_range offset= 0 line= 1 column= 1 context= <XML id="main">value</XML>
iiXml::Parser::TagParser::ParseAll parsing event= fields_begin offset= 0 line= 1 column= 1 context= <XML id="main">value</XML>
iiXml::Elements::InlineProperties::InlineProperties constructed
iiXml::Elements::InlineProperties::Parse begin input_size= 15 source_offset= 0
iiXml::Elements::InlineProperties::Parse input input_size= 15 line_count= 1 preview= <XML id="main">
iiXml::Elements::InlineProperties::Parse parsing event= property name=id offset= 5 line= 1 column= 6 context= <XML id="main">
iiXml::Elements::InlineProperties::Parse property name= "id" HasValue= true type= string TypeDeclared= false
iiXml::Elements::InlineProperties::Parse parsed property_count= 1
iiXml::Elements::InlineProperties::Parse output status= parsed summary= property_count=1
iiXml::Parser::TagParser::ParseAll output status= fields_parsed summary= field_count=1
iiXml::Parser::TagParser::ParseAll parsed root_count= 1
iiXml::Parser::TagParser::ParseAll output status= parsed summary= root_count=1
GetTagInfo::Parse parsed tag= "XML" value_size= 5 field_count= 1
GetTagInfo::Parse begin input_size= 20
iiXml::Parser::TagParser::TagParser constructed
iiXml::Parser::TagParser::ParseAll begin input_size= 20
iiXml::Parser::TagParser::ParseAll input input_size= 20 line_count= 1 preview= <XML id="main">value
iiXml::Elements::OpenTag::OpenTag constructed
iiXml::Elements::OpenTag::ParseOpenTags begin input_size= 20
iiXml::Elements::OpenTag::ParseOpenTags input input_size= 20 line_count= 1 preview= <XML id="main">value
iiXml::Elements::OpenTag::ParseOpenTags parsing event= open_tag name=XML offset= 0 line= 1 column= 1 context= <XML id="main">value
iiXml::Elements::OpenTag::ParseOpenTags failed reason= unclosed open tags offset= 0 line= 1 column= 1 context= <XML id="main">value
iiXml::Elements::OpenTag::ParseOpenTags failed reason=unclosed open tags remaining_open_tags= 1
iiXml::Parser::TagParser::ParseAll failed reason= open tag parser rejected input offset= 0 line= 1 column= 1 context= <XML id="main">value
iiXml::Parser::TagParser::ParseAll failed status= open_tag_parser_rejected reason= open tag parser rejected input
GetTagInfo::Parse failed reason= "iiXml tag parser rejected input"
<end of output>
Test time =   0.01 sec
----------------------------------------------------------
Test Passed.
"Parser_GetTagInfo_ParsesValueAndFields" end time: May 19 12:46 KST
"Parser_GetTagInfo_ParsesValueAndFields" time elapsed: 00:00:00
----------------------------------------------------------

2/12 Testing: Parser_GetHTML_ReturnsHtmlTags
2/12 Test: Parser_GetHTML_ReturnsHtmlTags
Command: "/home/ymy/Developer/iiHtmlBlock/build/GetHTML_test"
Directory: /home/ymy/Developer/iiHtmlBlock/build
"Parser_GetHTML_ReturnsHtmlTags" start time: May 19 12:46 KST
Output:
----------------------------------------------------------
GetHTML::GetHTML constructed
GetHTML::Parse begin input_size= 101
iiXml::Parser::TagParser::TagParser constructed
iiXml::Parser::TagParser::ParseAll begin input_size= 64
iiXml::Parser::TagParser::ParseAll input input_size= 64 line_count= 1 preview= <section id="intro"><p>Hello <strong>HTML</stron...
iiXml::Elements::OpenTag::OpenTag constructed
iiXml::Elements::OpenTag::ParseOpenTags begin input_size= 64
iiXml::Elements::OpenTag::ParseOpenTags input input_size= 64 line_count= 1 preview= <section id="intro"><p>Hello <strong>HTML</stron...
iiXml::Elements::OpenTag::ParseOpenTags parsing event= open_tag name=section offset= 0 line= 1 column= 1 context= <section id="intro"><p>Hello <st...
iiXml::Elements::OpenTag::ParseOpenTags parsing event= open_tag name=p offset= 20 line= 1 column= 21 context= <section id="intro"><p>Hello <strong>HTML</strong></...
iiXml::Elements::OpenTag::ParseOpenTags parsing event= open_tag name=strong offset= 29 line= 1 column= 30 context= <section id="intro"><p>Hello <strong>HTML</strong></p></secti...
iiXml::Elements::OpenTag::ParseOpenTags parsing event= close_tag name=strong offset= 41 line= 1 column= 42 context= ...id="intro"><p>Hello <strong>HTML</strong></p></section>
iiXml::Elements::OpenTag::ParseOpenTags parsing event= close_tag name=p offset= 50 line= 1 column= 51 context= ..."><p>Hello <strong>HTML</strong></p></section>
iiXml::Elements::OpenTag::ParseOpenTags parsing event= close_tag name=section offset= 54 line= 1 column= 55 context= ...>Hello <strong>HTML</strong></p></section>
iiXml::Elements::OpenTag::ParseOpenTags parsed tag_count= 3
iiXml::Elements::OpenTag::ParseOpenTags output status= parsed summary= tag_count=3
iiXml::Parser::TagParser::ParseAll output status= ranges_collected summary= range_count=3
iiXml::Parser::TagParser::ParseAll parsing event= node_range offset= 0 line= 1 column= 1 context= <section id="intro"><p>Hello <st...
iiXml::Parser::TagParser::ParseAll parsing event= fields_begin offset= 0 line= 1 column= 1 context= <section id="intro"><p>Hello <st...
iiXml::Elements::InlineProperties::InlineProperties constructed
iiXml::Elements::InlineProperties::Parse begin input_size= 20 source_offset= 0
iiXml::Elements::InlineProperties::Parse input input_size= 20 line_count= 1 preview= <section id="intro">
iiXml::Elements::InlineProperties::Parse parsing event= property name=id offset= 9 line= 1 column= 10 context= <section id="intro">
iiXml::Elements::InlineProperties::Parse property name= "id" HasValue= true type= string TypeDeclared= false
iiXml::Elements::InlineProperties::Parse parsed property_count= 1
iiXml::Elements::InlineProperties::Parse output status= parsed summary= property_count=1
iiXml::Parser::TagParser::ParseAll output status= fields_parsed summary= field_count=1
iiXml::Parser::TagParser::ParseAll parsing event= node_range offset= 20 line= 1 column= 21 context= <section id="intro"><p>Hello <strong>HTML</strong></...
iiXml::Parser::TagParser::ParseAll parsing event= fields_begin offset= 20 line= 1 column= 21 context= <section id="intro"><p>Hello <strong>HTML</strong></...
iiXml::Elements::InlineProperties::InlineProperties constructed
iiXml::Elements::InlineProperties::Parse begin input_size= 3 source_offset= 20
iiXml::Elements::InlineProperties::Parse input input_size= 3 line_count= 1 preview= <p>
iiXml::Elements::InlineProperties::Parse parsed property_count= 0
iiXml::Elements::InlineProperties::Parse output status= parsed summary= property_count=0
iiXml::Parser::TagParser::ParseAll output status= fields_parsed summary= field_count=0
iiXml::Parser::TagParser::ParseAll parsing event= node_range offset= 29 line= 1 column= 30 context= <section id="intro"><p>Hello <strong>HTML</strong></p></secti...
iiXml::Parser::TagParser::ParseAll parsing event= fields_begin offset= 29 line= 1 column= 30 context= <section id="intro"><p>Hello <strong>HTML</strong></p></secti...
iiXml::Elements::InlineProperties::InlineProperties constructed
iiXml::Elements::InlineProperties::Parse begin input_size= 8 source_offset= 29
iiXml::Elements::InlineProperties::Parse input input_size= 8 line_count= 1 preview= <strong>
iiXml::Elements::InlineProperties::Parse parsed property_count= 0
iiXml::Elements::InlineProperties::Parse output status= parsed summary= property_count=0
iiXml::Parser::TagParser::ParseAll output status= fields_parsed summary= field_count=0
iiXml::Parser::TagParser::ParseAll parsed root_count= 1
iiXml::Parser::TagParser::ParseAll output status= parsed summary= root_count=1
GetHTML::Parse parsed source_tag= "section" html_tag= "section" html_size= 64
GetHTML::GetHTML constructed
GetHTML::Parse begin input_size= 68
iiXml::Parser::TagParser::TagParser constructed
iiXml::Parser::TagParser::ParseAll begin input_size= 68
iiXml::Parser::TagParser::ParseAll input input_size= 68 line_count= 1 preview= <paragraph order=1 visible=true>Hello <bold>worl...
iiXml::Elements::OpenTag::OpenTag constructed
iiXml::Elements::OpenTag::ParseOpenTags begin input_size= 68
iiXml::Elements::OpenTag::ParseOpenTags input input_size= 68 line_count= 1 preview= <paragraph order=1 visible=true>Hello <bold>worl...
iiXml::Elements::OpenTag::ParseOpenTags parsing event= open_tag name=paragraph offset= 0 line= 1 column= 1 context= <paragraph order=1 visible=true>...
iiXml::Elements::OpenTag::ParseOpenTags parsing event= open_tag name=bold offset= 38 line= 1 column= 39 context= ...raph order=1 visible=true>Hello <bold>world</bold></paragraph>
iiXml::Elements::OpenTag::ParseOpenTags parsing event= close_tag name=bold offset= 49 line= 1 column= 50 context= ...1 visible=true>Hello <bold>world</bold></paragraph>
iiXml::Elements::OpenTag::ParseOpenTags parsing event= close_tag name=paragraph offset= 56 line= 1 column= 57 context= ...le=true>Hello <bold>world</bold></paragraph>
iiXml::Elements::OpenTag::ParseOpenTags parsed tag_count= 2
iiXml::Elements::OpenTag::ParseOpenTags output status= parsed summary= tag_count=2
iiXml::Parser::TagParser::ParseAll output status= ranges_collected summary= range_count=2
iiXml::Parser::TagParser::ParseAll parsing event= node_range offset= 0 line= 1 column= 1 context= <paragraph order=1 visible=true>...
iiXml::Parser::TagParser::ParseAll parsing event= fields_begin offset= 0 line= 1 column= 1 context= <paragraph order=1 visible=true>...
iiXml::Elements::InlineProperties::InlineProperties constructed
iiXml::Elements::InlineProperties::Parse begin input_size= 32 source_offset= 0
iiXml::Elements::InlineProperties::Parse input input_size= 32 line_count= 1 preview= <paragraph order=1 visible=true>
iiXml::Elements::InlineProperties::Parse parsing event= property name=order offset= 11 line= 1 column= 12 context= <paragraph order=1 visible=true>
iiXml::Elements::InlineProperties::Parse property name= "order" HasValue= true type= int TypeDeclared= false
iiXml::Elements::InlineProperties::Parse parsing event= property name=visible offset= 19 line= 1 column= 20 context= <paragraph order=1 visible=true>
iiXml::Elements::InlineProperties::Parse property name= "visible" HasValue= true type= bool TypeDeclared= false
iiXml::Elements::InlineProperties::Parse parsed property_count= 2
iiXml::Elements::InlineProperties::Parse output status= parsed summary= property_count=2
iiXml::Parser::TagParser::ParseAll output status= fields_parsed summary= field_count=2
iiXml::Parser::TagParser::ParseAll parsing event= node_range offset= 38 line= 1 column= 39 context= ...raph order=1 visible=true>Hello <bold>world</bold></paragraph>
iiXml::Parser::TagParser::ParseAll parsing event= fields_begin offset= 38 line= 1 column= 39 context= ...raph order=1 visible=true>Hello <bold>world</bold></paragraph>
iiXml::Elements::InlineProperties::InlineProperties constructed
iiXml::Elements::InlineProperties::Parse begin input_size= 6 source_offset= 38
iiXml::Elements::InlineProperties::Parse input input_size= 6 line_count= 1 preview= <bold>
iiXml::Elements::InlineProperties::Parse parsed property_count= 0
iiXml::Elements::InlineProperties::Parse output status= parsed summary= property_count=0
iiXml::Parser::TagParser::ParseAll output status= fields_parsed summary= field_count=0
iiXml::Parser::TagParser::ParseAll parsed root_count= 1
iiXml::Parser::TagParser::ParseAll output status= parsed summary= root_count=1
GetHTML::Parse parsed source_tag= "paragraph" html_tag= "paragraph" html_size= 72
GetHTML::GetHTML constructed
GetHTML::Parse begin input_size= 58
iiXml::Parser::TagParser::TagParser constructed
iiXml::Parser::TagParser::ParseAll begin input_size= 58
iiXml::Parser::TagParser::ParseAll input input_size= 58 line_count= 1 preview= <XML id="root"><CustomTag value="x">Text</Custom...
iiXml::Elements::OpenTag::OpenTag constructed
iiXml::Elements::OpenTag::ParseOpenTags begin input_size= 58
iiXml::Elements::OpenTag::ParseOpenTags input input_size= 58 line_count= 1 preview= <XML id="root"><CustomTag value="x">Text</Custom...
iiXml::Elements::OpenTag::ParseOpenTags parsing event= open_tag name=XML offset= 0 line= 1 column= 1 context= <XML id="root"><CustomTag value=...
iiXml::Elements::OpenTag::ParseOpenTags parsing event= open_tag name=CustomTag offset= 15 line= 1 column= 16 context= <XML id="root"><CustomTag value="x">Text</Custo...
iiXml::Elements::OpenTag::ParseOpenTags parsing event= close_tag name=CustomTag offset= 40 line= 1 column= 41 context= ..."root"><CustomTag value="x">Text</CustomTag></XML>
iiXml::Elements::OpenTag::ParseOpenTags parsing event= close_tag name=XML offset= 52 line= 1 column= 53 context= ...omTag value="x">Text</CustomTag></XML>
iiXml::Elements::OpenTag::ParseOpenTags parsed tag_count= 2
iiXml::Elements::OpenTag::ParseOpenTags output status= parsed summary= tag_count=2
iiXml::Parser::TagParser::ParseAll output status= ranges_collected summary= range_count=2
iiXml::Parser::TagParser::ParseAll parsing event= node_range offset= 0 line= 1 column= 1 context= <XML id="root"><CustomTag value=...
iiXml::Parser::TagParser::ParseAll parsing event= fields_begin offset= 0 line= 1 column= 1 context= <XML id="root"><CustomTag value=...
iiXml::Elements::InlineProperties::InlineProperties constructed
iiXml::Elements::InlineProperties::Parse begin input_size= 15 source_offset= 0
iiXml::Elements::InlineProperties::Parse input input_size= 15 line_count= 1 preview= <XML id="root">
iiXml::Elements::InlineProperties::Parse parsing event= property name=id offset= 5 line= 1 column= 6 context= <XML id="root">
iiXml::Elements::InlineProperties::Parse property name= "id" HasValue= true type= string TypeDeclared= false
iiXml::Elements::InlineProperties::Parse parsed property_count= 1
iiXml::Elements::InlineProperties::Parse output status= parsed summary= property_count=1
iiXml::Parser::TagParser::ParseAll output status= fields_parsed summary= field_count=1
iiXml::Parser::TagParser::ParseAll parsing event= node_range offset= 15 line= 1 column= 16 context= <XML id="root"><CustomTag value="x">Text</Custo...
iiXml::Parser::TagParser::ParseAll parsing event= fields_begin offset= 15 line= 1 column= 16 context= <XML id="root"><CustomTag value="x">Text</Custo...
iiXml::Elements::InlineProperties::InlineProperties constructed
iiXml::Elements::InlineProperties::Parse begin input_size= 21 source_offset= 15
iiXml::Elements::InlineProperties::Parse input input_size= 21 line_count= 1 preview= <CustomTag value="x">
iiXml::Elements::InlineProperties::Parse parsing event= property name=value offset= 11 line= 1 column= 12 context= <CustomTag value="x">
iiXml::Elements::InlineProperties::Parse property name= "value" HasValue= true type= string TypeDeclared= false
iiXml::Elements::InlineProperties::Parse parsed property_count= 1
iiXml::Elements::InlineProperties::Parse output status= parsed summary= property_count=1
iiXml::Parser::TagParser::ParseAll output status= fields_parsed summary= field_count=1
iiXml::Parser::TagParser::ParseAll parsed root_count= 1
iiXml::Parser::TagParser::ParseAll output status= parsed summary= root_count=1
GetHTML::Parse parsed source_tag= "XML" html_tag= "XML" html_size= 58
GetHTML::GetHTML constructed
GetHTML::Parse begin input_size= 45
iiXml::Parser::TagParser::TagParser constructed
iiXml::Parser::TagParser::ParseAll begin input_size= 45
iiXml::Parser::TagParser::ParseAll input input_size= 45 line_count= 1 preview= <unknownName data-key="x">value</unknownName>
iiXml::Elements::OpenTag::OpenTag constructed
iiXml::Elements::OpenTag::ParseOpenTags begin input_size= 45
iiXml::Elements::OpenTag::ParseOpenTags input input_size= 45 line_count= 1 preview= <unknownName data-key="x">value</unknownName>
iiXml::Elements::OpenTag::ParseOpenTags parsing event= open_tag name=unknownName offset= 0 line= 1 column= 1 context= <unknownName data-key="x">value<...
iiXml::Elements::OpenTag::ParseOpenTags parsing event= close_tag name=unknownName offset= 31 line= 1 column= 32 context= <unknownName data-key="x">value</unknownName>
iiXml::Elements::OpenTag::ParseOpenTags parsed tag_count= 1
iiXml::Elements::OpenTag::ParseOpenTags output status= parsed summary= tag_count=1
iiXml::Parser::TagParser::ParseAll output status= ranges_collected summary= range_count=1
iiXml::Parser::TagParser::ParseAll parsing event= node_range offset= 0 line= 1 column= 1 context= <unknownName data-key="x">value<...
iiXml::Parser::TagParser::ParseAll parsing event= fields_begin offset= 0 line= 1 column= 1 context= <unknownName data-key="x">value<...
iiXml::Elements::InlineProperties::InlineProperties constructed
iiXml::Elements::InlineProperties::Parse begin input_size= 26 source_offset= 0
iiXml::Elements::InlineProperties::Parse input input_size= 26 line_count= 1 preview= <unknownName data-key="x">
iiXml::Elements::InlineProperties::Parse parsing event= property name=data-key offset= 13 line= 1 column= 14 context= <unknownName data-key="x">
iiXml::Elements::InlineProperties::Parse property name= "data-key" HasValue= true type= string TypeDeclared= false
iiXml::Elements::InlineProperties::Parse parsed property_count= 1
iiXml::Elements::InlineProperties::Parse output status= parsed summary= property_count=1
iiXml::Parser::TagParser::ParseAll output status= fields_parsed summary= field_count=1
iiXml::Parser::TagParser::ParseAll parsed root_count= 1
iiXml::Parser::TagParser::ParseAll output status= parsed summary= root_count=1
GetHTML::Parse parsed source_tag= "unknownName" html_tag= "unknownName" html_size= 45
GetHTML::Parse begin input_size= 40
iiXml::Parser::TagParser::TagParser constructed
iiXml::Parser::TagParser::ParseAll begin input_size= 40
iiXml::Parser::TagParser::ParseAll input input_size= 40 line_count= 1 preview= <OtherWidget count=2>value</OtherWidget>
iiXml::Elements::OpenTag::OpenTag constructed
iiXml::Elements::OpenTag::ParseOpenTags begin input_size= 40
iiXml::Elements::OpenTag::ParseOpenTags input input_size= 40 line_count= 1 preview= <OtherWidget count=2>value</OtherWidget>
iiXml::Elements::OpenTag::ParseOpenTags parsing event= open_tag name=OtherWidget offset= 0 line= 1 column= 1 context= <OtherWidget count=2>value</Othe...
iiXml::Elements::OpenTag::ParseOpenTags parsing event= close_tag name=OtherWidget offset= 26 line= 1 column= 27 context= <OtherWidget count=2>value</OtherWidget>
iiXml::Elements::OpenTag::ParseOpenTags parsed tag_count= 1
iiXml::Elements::OpenTag::ParseOpenTags output status= parsed summary= tag_count=1
iiXml::Parser::TagParser::ParseAll output status= ranges_collected summary= range_count=1
iiXml::Parser::TagParser::ParseAll parsing event= node_range offset= 0 line= 1 column= 1 context= <OtherWidget count=2>value</Othe...
iiXml::Parser::TagParser::ParseAll parsing event= fields_begin offset= 0 line= 1 column= 1 context= <OtherWidget count=2>value</Othe...
iiXml::Elements::InlineProperties::InlineProperties constructed
iiXml::Elements::InlineProperties::Parse begin input_size= 21 source_offset= 0
iiXml::Elements::InlineProperties::Parse input input_size= 21 line_count= 1 preview= <OtherWidget count=2>
iiXml::Elements::InlineProperties::Parse parsing event= property name=count offset= 13 line= 1 column= 14 context= <OtherWidget count=2>
iiXml::Elements::InlineProperties::Parse property name= "count" HasValue= true type= int TypeDeclared= false
iiXml::Elements::InlineProperties::Parse parsed property_count= 1
iiXml::Elements::InlineProperties::Parse output status= parsed summary= property_count=1
iiXml::Parser::TagParser::ParseAll output status= fields_parsed summary= field_count=1
iiXml::Parser::TagParser::ParseAll parsed root_count= 1
iiXml::Parser::TagParser::ParseAll output status= parsed summary= root_count=1
GetHTML::Parse parsed source_tag= "OtherWidget" html_tag= "OtherWidget" html_size= 42
GetHTML::GetHTML constructed
GetHTML::Parse begin input_size= 9
iiXml::Parser::TagParser::TagParser constructed
iiXml::Parser::TagParser::ParseAll begin input_size= 9
iiXml::Parser::TagParser::ParseAll input input_size= 9 line_count= 1 preview= <p>ok</p>
iiXml::Elements::OpenTag::OpenTag constructed
iiXml::Elements::OpenTag::ParseOpenTags begin input_size= 9
iiXml::Elements::OpenTag::ParseOpenTags input input_size= 9 line_count= 1 preview= <p>ok</p>
iiXml::Elements::OpenTag::ParseOpenTags parsing event= open_tag name=p offset= 0 line= 1 column= 1 context= <p>ok</p>
iiXml::Elements::OpenTag::ParseOpenTags parsing event= close_tag name=p offset= 5 line= 1 column= 6 context= <p>ok</p>
iiXml::Elements::OpenTag::ParseOpenTags parsed tag_count= 1
iiXml::Elements::OpenTag::ParseOpenTags output status= parsed summary= tag_count=1
iiXml::Parser::TagParser::ParseAll output status= ranges_collected summary= range_count=1
iiXml::Parser::TagParser::ParseAll parsing event= node_range offset= 0 line= 1 column= 1 context= <p>ok</p>
iiXml::Parser::TagParser::ParseAll parsing event= fields_begin offset= 0 line= 1 column= 1 context= <p>ok</p>
iiXml::Elements::InlineProperties::InlineProperties constructed
iiXml::Elements::InlineProperties::Parse begin input_size= 3 source_offset= 0
iiXml::Elements::InlineProperties::Parse input input_size= 3 line_count= 1 preview= <p>
iiXml::Elements::InlineProperties::Parse parsed property_count= 0
iiXml::Elements::InlineProperties::Parse output status= parsed summary= property_count=0
iiXml::Parser::TagParser::ParseAll output status= fields_parsed summary= field_count=0
iiXml::Parser::TagParser::ParseAll parsed root_count= 1
iiXml::Parser::TagParser::ParseAll output status= parsed summary= root_count=1
GetHTML::Parse parsed source_tag= "p" html_tag= "p" html_size= 9
GetHTML::Parse begin input_size= 9
iiXml::Parser::TagParser::TagParser constructed
iiXml::Parser::TagParser::ParseAll begin input_size= 9
iiXml::Parser::TagParser::ParseAll input input_size= 9 line_count= 1 preview= <p>broken
iiXml::Elements::OpenTag::OpenTag constructed
iiXml::Elements::OpenTag::ParseOpenTags begin input_size= 9
iiXml::Elements::OpenTag::ParseOpenTags input input_size= 9 line_count= 1 preview= <p>broken
iiXml::Elements::OpenTag::ParseOpenTags parsing event= open_tag name=p offset= 0 line= 1 column= 1 context= <p>broken
iiXml::Elements::OpenTag::ParseOpenTags failed reason= unclosed open tags offset= 0 line= 1 column= 1 context= <p>broken
iiXml::Elements::OpenTag::ParseOpenTags failed reason=unclosed open tags remaining_open_tags= 1
iiXml::Parser::TagParser::ParseAll failed reason= open tag parser rejected input offset= 0 line= 1 column= 1 context= <p>broken
iiXml::Parser::TagParser::ParseAll failed status= open_tag_parser_rejected reason= open tag parser rejected input
GetHTML::Parse failed reason= "iiXml tag parser rejected input"
<end of output>
Test time =   0.01 sec
----------------------------------------------------------
Test Passed.
"Parser_GetHTML_ReturnsHtmlTags" end time: May 19 12:46 KST
"Parser_GetHTML_ReturnsHtmlTags" time elapsed: 00:00:00
----------------------------------------------------------

3/12 Testing: Modifier_iiXmlToHTML_ConvertsThroughGetHTML
3/12 Test: Modifier_iiXmlToHTML_ConvertsThroughGetHTML
Command: "/home/ymy/Developer/iiHtmlBlock/build/iiXmlToHTML_test"
Directory: /home/ymy/Developer/iiHtmlBlock/build
"Modifier_iiXmlToHTML_ConvertsThroughGetHTML" start time: May 19 12:46 KST
Output:
----------------------------------------------------------
iiXmlToHTML::iiXmlToHTML constructed
iiXmlToHTML::Convert begin input_size= 56
GetHTML::GetHTML constructed
GetHTML::Parse begin input_size= 56
iiXml::Parser::TagParser::TagParser constructed
iiXml::Parser::TagParser::ParseAll begin input_size= 56
iiXml::Parser::TagParser::ParseAll input input_size= 56 line_count= 1 preview= <XML><unknownName data-key="x">value</unknownNam...
iiXml::Elements::OpenTag::OpenTag constructed
iiXml::Elements::OpenTag::ParseOpenTags begin input_size= 56
iiXml::Elements::OpenTag::ParseOpenTags input input_size= 56 line_count= 1 preview= <XML><unknownName data-key="x">value</unknownNam...
iiXml::Elements::OpenTag::ParseOpenTags parsing event= open_tag name=XML offset= 0 line= 1 column= 1 context= <XML><unknownName data-key="x">v...
iiXml::Elements::OpenTag::ParseOpenTags parsing event= open_tag name=unknownName offset= 5 line= 1 column= 6 context= <XML><unknownName data-key="x">value<...
iiXml::Elements::OpenTag::ParseOpenTags parsing event= close_tag name=unknownName offset= 36 line= 1 column= 37 context= ...><unknownName data-key="x">value</unknownName></XML>
iiXml::Elements::OpenTag::ParseOpenTags parsing event= close_tag name=XML offset= 50 line= 1 column= 51 context= ...data-key="x">value</unknownName></XML>
iiXml::Elements::OpenTag::ParseOpenTags parsed tag_count= 2
iiXml::Elements::OpenTag::ParseOpenTags output status= parsed summary= tag_count=2
iiXml::Parser::TagParser::ParseAll output status= ranges_collected summary= range_count=2
iiXml::Parser::TagParser::ParseAll parsing event= node_range offset= 0 line= 1 column= 1 context= <XML><unknownName data-key="x">v...
iiXml::Parser::TagParser::ParseAll parsing event= fields_begin offset= 0 line= 1 column= 1 context= <XML><unknownName data-key="x">v...
iiXml::Elements::InlineProperties::InlineProperties constructed
iiXml::Elements::InlineProperties::Parse begin input_size= 5 source_offset= 0
iiXml::Elements::InlineProperties::Parse input input_size= 5 line_count= 1 preview= <XML>
iiXml::Elements::InlineProperties::Parse parsed property_count= 0
iiXml::Elements::InlineProperties::Parse output status= parsed summary= property_count=0
iiXml::Parser::TagParser::ParseAll output status= fields_parsed summary= field_count=0
iiXml::Parser::TagParser::ParseAll parsing event= node_range offset= 5 line= 1 column= 6 context= <XML><unknownName data-key="x">value<...
iiXml::Parser::TagParser::ParseAll parsing event= fields_begin offset= 5 line= 1 column= 6 context= <XML><unknownName data-key="x">value<...
iiXml::Elements::InlineProperties::InlineProperties constructed
iiXml::Elements::InlineProperties::Parse begin input_size= 26 source_offset= 5
iiXml::Elements::InlineProperties::Parse input input_size= 26 line_count= 1 preview= <unknownName data-key="x">
iiXml::Elements::InlineProperties::Parse parsing event= property name=data-key offset= 13 line= 1 column= 14 context= <unknownName data-key="x">
iiXml::Elements::InlineProperties::Parse property name= "data-key" HasValue= true type= string TypeDeclared= false
iiXml::Elements::InlineProperties::Parse parsed property_count= 1
iiXml::Elements::InlineProperties::Parse output status= parsed summary= property_count=1
iiXml::Parser::TagParser::ParseAll output status= fields_parsed summary= field_count=1
iiXml::Parser::TagParser::ParseAll parsed root_count= 1
iiXml::Parser::TagParser::ParseAll output status= parsed summary= root_count=1
GetHTML::Parse parsed source_tag= "XML" html_tag= "XML" html_size= 56
iiXmlToHTML::Convert converted html_size= 56
iiXmlToHTML::iiXmlToHTML constructed
iiXmlToHTML::Convert begin input_size= 16
GetHTML::GetHTML constructed
GetHTML::Parse begin input_size= 16
iiXml::Parser::TagParser::TagParser constructed
iiXml::Parser::TagParser::ParseAll begin input_size= 16
iiXml::Parser::TagParser::ParseAll input input_size= 16 line_count= 1 preview= <XML>value</XML>
iiXml::Elements::OpenTag::OpenTag constructed
iiXml::Elements::OpenTag::ParseOpenTags begin input_size= 16
iiXml::Elements::OpenTag::ParseOpenTags input input_size= 16 line_count= 1 preview= <XML>value</XML>
iiXml::Elements::OpenTag::ParseOpenTags parsing event= open_tag name=XML offset= 0 line= 1 column= 1 context= <XML>value</XML>
iiXml::Elements::OpenTag::ParseOpenTags parsing event= close_tag name=XML offset= 10 line= 1 column= 11 context= <XML>value</XML>
iiXml::Elements::OpenTag::ParseOpenTags parsed tag_count= 1
iiXml::Elements::OpenTag::ParseOpenTags output status= parsed summary= tag_count=1
iiXml::Parser::TagParser::ParseAll output status= ranges_collected summary= range_count=1
iiXml::Parser::TagParser::ParseAll parsing event= node_range offset= 0 line= 1 column= 1 context= <XML>value</XML>
iiXml::Parser::TagParser::ParseAll parsing event= fields_begin offset= 0 line= 1 column= 1 context= <XML>value</XML>
iiXml::Elements::InlineProperties::InlineProperties constructed
iiXml::Elements::InlineProperties::Parse begin input_size= 5 source_offset= 0
iiXml::Elements::InlineProperties::Parse input input_size= 5 line_count= 1 preview= <XML>
iiXml::Elements::InlineProperties::Parse parsed property_count= 0
iiXml::Elements::InlineProperties::Parse output status= parsed summary= property_count=0
iiXml::Parser::TagParser::ParseAll output status= fields_parsed summary= field_count=0
iiXml::Parser::TagParser::ParseAll parsed root_count= 1
iiXml::Parser::TagParser::ParseAll output status= parsed summary= root_count=1
GetHTML::Parse parsed source_tag= "XML" html_tag= "XML" html_size= 16
iiXmlToHTML::Convert converted html_size= 16
iiXmlToHTML::Convert begin input_size= 10
GetHTML::GetHTML constructed
GetHTML::Parse begin input_size= 10
iiXml::Parser::TagParser::TagParser constructed
iiXml::Parser::TagParser::ParseAll begin input_size= 10
iiXml::Parser::TagParser::ParseAll input input_size= 10 line_count= 1 preview= <XML>value
iiXml::Elements::OpenTag::OpenTag constructed
iiXml::Elements::OpenTag::ParseOpenTags begin input_size= 10
iiXml::Elements::OpenTag::ParseOpenTags input input_size= 10 line_count= 1 preview= <XML>value
iiXml::Elements::OpenTag::ParseOpenTags parsing event= open_tag name=XML offset= 0 line= 1 column= 1 context= <XML>value
iiXml::Elements::OpenTag::ParseOpenTags failed reason= unclosed open tags offset= 0 line= 1 column= 1 context= <XML>value
iiXml::Elements::OpenTag::ParseOpenTags failed reason=unclosed open tags remaining_open_tags= 1
iiXml::Parser::TagParser::ParseAll failed reason= open tag parser rejected input offset= 0 line= 1 column= 1 context= <XML>value
iiXml::Parser::TagParser::ParseAll failed status= open_tag_parser_rejected reason= open tag parser rejected input
GetHTML::Parse failed reason= "iiXml tag parser rejected input"
iiXmlToHTML::Convert failed reason= "iiXml tag parser rejected input"
<end of output>
Test time =   0.01 sec
----------------------------------------------------------
Test Passed.
"Modifier_iiXmlToHTML_ConvertsThroughGetHTML" end time: May 19 12:46 KST
"Modifier_iiXmlToHTML_ConvertsThroughGetHTML" time elapsed: 00:00:00
----------------------------------------------------------

4/12 Testing: Modifier_DivideBlock_ClassifiesDisplayBlocks
4/12 Test: Modifier_DivideBlock_ClassifiesDisplayBlocks
Command: "/home/ymy/Developer/iiHtmlBlock/build/DivideBlock_test"
Directory: /home/ymy/Developer/iiHtmlBlock/build
"Modifier_DivideBlock_ClassifiesDisplayBlocks" start time: May 19 12:46 KST
Output:
----------------------------------------------------------
DivideBlock::DivideBlock constructed
DivideBlock::Parse begin input_size= 82
GetTagInfo::GetTagInfo constructed
GetTagInfo::Parse begin input_size= 82
iiXml::Parser::TagParser::TagParser constructed
iiXml::Parser::TagParser::ParseAll begin input_size= 82
iiXml::Parser::TagParser::ParseAll input input_size= 82 line_count= 1 preview= <XML><section><p>Hello <strong>world</strong></p...
iiXml::Elements::OpenTag::OpenTag constructed
iiXml::Elements::OpenTag::ParseOpenTags begin input_size= 82
iiXml::Elements::OpenTag::ParseOpenTags input input_size= 82 line_count= 1 preview= <XML><section><p>Hello <strong>world</strong></p...
iiXml::Elements::OpenTag::ParseOpenTags parsing event= open_tag name=XML offset= 0 line= 1 column= 1 context= <XML><section><p>Hello <strong>w...
iiXml::Elements::OpenTag::ParseOpenTags parsing event= open_tag name=section offset= 5 line= 1 column= 6 context= <XML><section><p>Hello <strong>world<...
iiXml::Elements::OpenTag::ParseOpenTags parsing event= open_tag name=p offset= 14 line= 1 column= 15 context= <XML><section><p>Hello <strong>world</strong><...
iiXml::Elements::OpenTag::ParseOpenTags parsing event= open_tag name=strong offset= 23 line= 1 column= 24 context= <XML><section><p>Hello <strong>world</strong></p><span>...
iiXml::Elements::OpenTag::ParseOpenTags parsing event= close_tag name=strong offset= 36 line= 1 column= 37 context= ...><section><p>Hello <strong>world</strong></p><span>tail</span></...
iiXml::Elements::OpenTag::ParseOpenTags parsing event= close_tag name=p offset= 45 line= 1 column= 46 context= ...><p>Hello <strong>world</strong></p><span>tail</span></section><...
iiXml::Elements::OpenTag::ParseOpenTags parsing event= open_tag name=span offset= 49 line= 1 column= 50 context= ...Hello <strong>world</strong></p><span>tail</span></section></XML...
iiXml::Elements::OpenTag::ParseOpenTags parsing event= close_tag name=span offset= 59 line= 1 column= 60 context= ...ong>world</strong></p><span>tail</span></section></XML>
iiXml::Elements::OpenTag::ParseOpenTags parsing event= close_tag name=section offset= 66 line= 1 column= 67 context= ...ld</strong></p><span>tail</span></section></XML>
iiXml::Elements::OpenTag::ParseOpenTags parsing event= close_tag name=XML offset= 76 line= 1 column= 77 context= ...></p><span>tail</span></section></XML>
iiXml::Elements::OpenTag::ParseOpenTags parsed tag_count= 5
iiXml::Elements::OpenTag::ParseOpenTags output status= parsed summary= tag_count=5
iiXml::Parser::TagParser::ParseAll output status= ranges_collected summary= range_count=5
iiXml::Parser::TagParser::ParseAll parsing event= node_range offset= 0 line= 1 column= 1 context= <XML><section><p>Hello <strong>w...
iiXml::Parser::TagParser::ParseAll parsing event= fields_begin offset= 0 line= 1 column= 1 context= <XML><section><p>Hello <strong>w...
iiXml::Elements::InlineProperties::InlineProperties constructed
iiXml::Elements::InlineProperties::Parse begin input_size= 5 source_offset= 0
iiXml::Elements::InlineProperties::Parse input input_size= 5 line_count= 1 preview= <XML>
iiXml::Elements::InlineProperties::Parse parsed property_count= 0
iiXml::Elements::InlineProperties::Parse output status= parsed summary= property_count=0
iiXml::Parser::TagParser::ParseAll output status= fields_parsed summary= field_count=0
iiXml::Parser::TagParser::ParseAll parsing event= node_range offset= 5 line= 1 column= 6 context= <XML><section><p>Hello <strong>world<...
iiXml::Parser::TagParser::ParseAll parsing event= fields_begin offset= 5 line= 1 column= 6 context= <XML><section><p>Hello <strong>world<...
iiXml::Elements::InlineProperties::InlineProperties constructed
iiXml::Elements::InlineProperties::Parse begin input_size= 9 source_offset= 5
iiXml::Elements::InlineProperties::Parse input input_size= 9 line_count= 1 preview= <section>
iiXml::Elements::InlineProperties::Parse parsed property_count= 0
iiXml::Elements::InlineProperties::Parse output status= parsed summary= property_count=0
iiXml::Parser::TagParser::ParseAll output status= fields_parsed summary= field_count=0
iiXml::Parser::TagParser::ParseAll parsing event= node_range offset= 14 line= 1 column= 15 context= <XML><section><p>Hello <strong>world</strong><...
iiXml::Parser::TagParser::ParseAll parsing event= fields_begin offset= 14 line= 1 column= 15 context= <XML><section><p>Hello <strong>world</strong><...
iiXml::Elements::InlineProperties::InlineProperties constructed
iiXml::Elements::InlineProperties::Parse begin input_size= 3 source_offset= 14
iiXml::Elements::InlineProperties::Parse input input_size= 3 line_count= 1 preview= <p>
iiXml::Elements::InlineProperties::Parse parsed property_count= 0
iiXml::Elements::InlineProperties::Parse output status= parsed summary= property_count=0
iiXml::Parser::TagParser::ParseAll output status= fields_parsed summary= field_count=0
iiXml::Parser::TagParser::ParseAll parsing event= node_range offset= 23 line= 1 column= 24 context= <XML><section><p>Hello <strong>world</strong></p><span>...
iiXml::Parser::TagParser::ParseAll parsing event= fields_begin offset= 23 line= 1 column= 24 context= <XML><section><p>Hello <strong>world</strong></p><span>...
iiXml::Elements::InlineProperties::InlineProperties constructed
iiXml::Elements::InlineProperties::Parse begin input_size= 8 source_offset= 23
iiXml::Elements::InlineProperties::Parse input input_size= 8 line_count= 1 preview= <strong>
iiXml::Elements::InlineProperties::Parse parsed property_count= 0
iiXml::Elements::InlineProperties::Parse output status= parsed summary= property_count=0
iiXml::Parser::TagParser::ParseAll output status= fields_parsed summary= field_count=0
iiXml::Parser::TagParser::ParseAll parsing event= node_range offset= 49 line= 1 column= 50 context= ...Hello <strong>world</strong></p><span>tail</span></section></XML...
iiXml::Parser::TagParser::ParseAll parsing event= fields_begin offset= 49 line= 1 column= 50 context= ...Hello <strong>world</strong></p><span>tail</span></section></XML...
iiXml::Elements::InlineProperties::InlineProperties constructed
iiXml::Elements::InlineProperties::Parse begin input_size= 6 source_offset= 49
iiXml::Elements::InlineProperties::Parse input input_size= 6 line_count= 1 preview= <span>
iiXml::Elements::InlineProperties::Parse parsed property_count= 0
iiXml::Elements::InlineProperties::Parse output status= parsed summary= property_count=0
iiXml::Parser::TagParser::ParseAll output status= fields_parsed summary= field_count=0
iiXml::Parser::TagParser::ParseAll parsed root_count= 1
iiXml::Parser::TagParser::ParseAll output status= parsed summary= root_count=1
GetTagInfo::Parse parsed tag= "XML" value_size= 71 field_count= 0
DivideBlock::Parse parsed element_count= 5 block_count= 2
DivideBlock::DivideBlock constructed
DivideBlock::Parse begin input_size= 140
GetTagInfo::GetTagInfo constructed
GetTagInfo::Parse begin input_size= 140
iiXml::Parser::TagParser::TagParser constructed
iiXml::Parser::TagParser::ParseAll begin input_size= 140
iiXml::Parser::TagParser::ParseAll input input_size= 140 line_count= 1 preview= <XML><Custom style="color: red; display: block">...
iiXml::Elements::OpenTag::OpenTag constructed
iiXml::Elements::OpenTag::ParseOpenTags begin input_size= 140
iiXml::Elements::OpenTag::ParseOpenTags input input_size= 140 line_count= 1 preview= <XML><Custom style="color: red; display: block">...
iiXml::Elements::OpenTag::ParseOpenTags parsing event= open_tag name=XML offset= 0 line= 1 column= 1 context= <XML><Custom style="color: red; ...
iiXml::Elements::OpenTag::ParseOpenTags parsing event= open_tag name=Custom offset= 5 line= 1 column= 6 context= <XML><Custom style="color: red; displ...
iiXml::Elements::OpenTag::ParseOpenTags parsing event= close_tag name=Custom offset= 51 line= 1 column= 52 context= ..."color: red; display: block">one</Custom><div style="display: in...
iiXml::Elements::OpenTag::ParseOpenTags parsing event= open_tag name=div offset= 60 line= 1 column= 61 context= ...ed; display: block">one</Custom><div style="display: inline">two...
iiXml::Elements::OpenTag::ParseOpenTags parsing event= close_tag name=div offset= 92 line= 1 column= 93 context= ...<div style="display: inline">two</div><Inline display=block>thre...
iiXml::Elements::OpenTag::ParseOpenTags parsing event= open_tag name=Inline offset= 98 line= 1 column= 99 context= ...tyle="display: inline">two</div><Inline display=block>three</Inl...
iiXml::Elements::OpenTag::ParseOpenTags parsing event= close_tag name=Inline offset= 125 line= 1 column= 126 context= .../div><Inline display=block>three</Inline></XML>
iiXml::Elements::OpenTag::ParseOpenTags parsing event= close_tag name=XML offset= 134 line= 1 column= 135 context= ...ine display=block>three</Inline></XML>
iiXml::Elements::OpenTag::ParseOpenTags parsed tag_count= 4
iiXml::Elements::OpenTag::ParseOpenTags output status= parsed summary= tag_count=4
iiXml::Parser::TagParser::ParseAll output status= ranges_collected summary= range_count=4
iiXml::Parser::TagParser::ParseAll parsing event= node_range offset= 0 line= 1 column= 1 context= <XML><Custom style="color: red; ...
iiXml::Parser::TagParser::ParseAll parsing event= fields_begin offset= 0 line= 1 column= 1 context= <XML><Custom style="color: red; ...
iiXml::Elements::InlineProperties::InlineProperties constructed
iiXml::Elements::InlineProperties::Parse begin input_size= 5 source_offset= 0
iiXml::Elements::InlineProperties::Parse input input_size= 5 line_count= 1 preview= <XML>
iiXml::Elements::InlineProperties::Parse parsed property_count= 0
iiXml::Elements::InlineProperties::Parse output status= parsed summary= property_count=0
iiXml::Parser::TagParser::ParseAll output status= fields_parsed summary= field_count=0
iiXml::Parser::TagParser::ParseAll parsing event= node_range offset= 5 line= 1 column= 6 context= <XML><Custom style="color: red; displ...
iiXml::Parser::TagParser::ParseAll parsing event= fields_begin offset= 5 line= 1 column= 6 context= <XML><Custom style="color: red; displ...
iiXml::Elements::InlineProperties::InlineProperties constructed
iiXml::Elements::InlineProperties::Parse begin input_size= 43 source_offset= 5
iiXml::Elements::InlineProperties::Parse input input_size= 43 line_count= 1 preview= <Custom style="color: red; display: block">
iiXml::Elements::InlineProperties::Parse parsing event= property name=style offset= 8 line= 1 column= 9 context= <Custom style="color: red; display: bloc...
iiXml::Elements::InlineProperties::Parse property name= "style" HasValue= true type= string TypeDeclared= false
iiXml::Elements::InlineProperties::Parse parsed property_count= 1
iiXml::Elements::InlineProperties::Parse output status= parsed summary= property_count=1
iiXml::Parser::TagParser::ParseAll output status= fields_parsed summary= field_count=1
iiXml::Parser::TagParser::ParseAll parsing event= node_range offset= 60 line= 1 column= 61 context= ...ed; display: block">one</Custom><div style="display: inline">two...
iiXml::Parser::TagParser::ParseAll parsing event= fields_begin offset= 60 line= 1 column= 61 context= ...ed; display: block">one</Custom><div style="display: inline">two...
iiXml::Elements::InlineProperties::InlineProperties constructed
iiXml::Elements::InlineProperties::Parse begin input_size= 29 source_offset= 60
iiXml::Elements::InlineProperties::Parse input input_size= 29 line_count= 1 preview= <div style="display: inline">
iiXml::Elements::InlineProperties::Parse parsing event= property name=style offset= 5 line= 1 column= 6 context= <div style="display: inline">
iiXml::Elements::InlineProperties::Parse property name= "style" HasValue= true type= string TypeDeclared= false
iiXml::Elements::InlineProperties::Parse parsed property_count= 1
iiXml::Elements::InlineProperties::Parse output status= parsed summary= property_count=1
iiXml::Parser::TagParser::ParseAll output status= fields_parsed summary= field_count=1
iiXml::Parser::TagParser::ParseAll parsing event= node_range offset= 98 line= 1 column= 99 context= ...tyle="display: inline">two</div><Inline display=block>three</Inl...
iiXml::Parser::TagParser::ParseAll parsing event= fields_begin offset= 98 line= 1 column= 99 context= ...tyle="display: inline">two</div><Inline display=block>three</Inl...
iiXml::Elements::InlineProperties::InlineProperties constructed
iiXml::Elements::InlineProperties::Parse begin input_size= 22 source_offset= 98
iiXml::Elements::InlineProperties::Parse input input_size= 22 line_count= 1 preview= <Inline display=block>
iiXml::Elements::InlineProperties::Parse parsing event= property name=display offset= 8 line= 1 column= 9 context= <Inline display=block>
iiXml::Elements::InlineProperties::Parse property name= "display" HasValue= true type= string TypeDeclared= false
iiXml::Elements::InlineProperties::Parse parsed property_count= 1
iiXml::Elements::InlineProperties::Parse output status= parsed summary= property_count=1
iiXml::Parser::TagParser::ParseAll output status= fields_parsed summary= field_count=1
iiXml::Parser::TagParser::ParseAll parsed root_count= 1
iiXml::Parser::TagParser::ParseAll output status= parsed summary= root_count=1
GetTagInfo::Parse parsed tag= "XML" value_size= 129 field_count= 0
DivideBlock::Parse parsed element_count= 4 block_count= 2
DivideBlock::DivideBlock constructed
DivideBlock::Parse begin input_size= 32
GetTagInfo::GetTagInfo constructed
GetTagInfo::Parse begin input_size= 32
iiXml::Parser::TagParser::TagParser constructed
iiXml::Parser::TagParser::ParseAll begin input_size= 32
iiXml::Parser::TagParser::ParseAll input input_size= 32 line_count= 1 preview= <XML><section>ok</section></XML>
iiXml::Elements::OpenTag::OpenTag constructed
iiXml::Elements::OpenTag::ParseOpenTags begin input_size= 32
iiXml::Elements::OpenTag::ParseOpenTags input input_size= 32 line_count= 1 preview= <XML><section>ok</section></XML>
iiXml::Elements::OpenTag::ParseOpenTags parsing event= open_tag name=XML offset= 0 line= 1 column= 1 context= <XML><section>ok</section></XML>
iiXml::Elements::OpenTag::ParseOpenTags parsing event= open_tag name=section offset= 5 line= 1 column= 6 context= <XML><section>ok</section></XML>
iiXml::Elements::OpenTag::ParseOpenTags parsing event= close_tag name=section offset= 16 line= 1 column= 17 context= <XML><section>ok</section></XML>
iiXml::Elements::OpenTag::ParseOpenTags parsing event= close_tag name=XML offset= 26 line= 1 column= 27 context= <XML><section>ok</section></XML>
iiXml::Elements::OpenTag::ParseOpenTags parsed tag_count= 2
iiXml::Elements::OpenTag::ParseOpenTags output status= parsed summary= tag_count=2
iiXml::Parser::TagParser::ParseAll output status= ranges_collected summary= range_count=2
iiXml::Parser::TagParser::ParseAll parsing event= node_range offset= 0 line= 1 column= 1 context= <XML><section>ok</section></XML>
iiXml::Parser::TagParser::ParseAll parsing event= fields_begin offset= 0 line= 1 column= 1 context= <XML><section>ok</section></XML>
iiXml::Elements::InlineProperties::InlineProperties constructed
iiXml::Elements::InlineProperties::Parse begin input_size= 5 source_offset= 0
iiXml::Elements::InlineProperties::Parse input input_size= 5 line_count= 1 preview= <XML>
iiXml::Elements::InlineProperties::Parse parsed property_count= 0
iiXml::Elements::InlineProperties::Parse output status= parsed summary= property_count=0
iiXml::Parser::TagParser::ParseAll output status= fields_parsed summary= field_count=0
iiXml::Parser::TagParser::ParseAll parsing event= node_range offset= 5 line= 1 column= 6 context= <XML><section>ok</section></XML>
iiXml::Parser::TagParser::ParseAll parsing event= fields_begin offset= 5 line= 1 column= 6 context= <XML><section>ok</section></XML>
iiXml::Elements::InlineProperties::InlineProperties constructed
iiXml::Elements::InlineProperties::Parse begin input_size= 9 source_offset= 5
iiXml::Elements::InlineProperties::Parse input input_size= 9 line_count= 1 preview= <section>
iiXml::Elements::InlineProperties::Parse parsed property_count= 0
iiXml::Elements::InlineProperties::Parse output status= parsed summary= property_count=0
iiXml::Parser::TagParser::ParseAll output status= fields_parsed summary= field_count=0
iiXml::Parser::TagParser::ParseAll parsed root_count= 1
iiXml::Parser::TagParser::ParseAll output status= parsed summary= root_count=1
GetTagInfo::Parse parsed tag= "XML" value_size= 21 field_count= 0
DivideBlock::Parse parsed element_count= 2 block_count= 1
DivideBlock::Parse begin input_size= 26
GetTagInfo::GetTagInfo constructed
GetTagInfo::Parse begin input_size= 26
iiXml::Parser::TagParser::TagParser constructed
iiXml::Parser::TagParser::ParseAll begin input_size= 26
iiXml::Parser::TagParser::ParseAll input input_size= 26 line_count= 1 preview= <XML><section>broken</XML>
iiXml::Elements::OpenTag::OpenTag constructed
iiXml::Elements::OpenTag::ParseOpenTags begin input_size= 26
iiXml::Elements::OpenTag::ParseOpenTags input input_size= 26 line_count= 1 preview= <XML><section>broken</XML>
iiXml::Elements::OpenTag::ParseOpenTags parsing event= open_tag name=XML offset= 0 line= 1 column= 1 context= <XML><section>broken</XML>
iiXml::Elements::OpenTag::ParseOpenTags parsing event= open_tag name=section offset= 5 line= 1 column= 6 context= <XML><section>broken</XML>
iiXml::Elements::OpenTag::ParseOpenTags parsing event= close_tag name=XML offset= 20 line= 1 column= 21 context= <XML><section>broken</XML>
iiXml::Elements::OpenTag::ParseOpenTags failed reason= unclosed open tags offset= 5 line= 1 column= 6 context= <XML><section>broken</XML>
iiXml::Elements::OpenTag::ParseOpenTags failed reason=unclosed open tags remaining_open_tags= 1
iiXml::Parser::TagParser::ParseAll failed reason= open tag parser rejected input offset= 0 line= 1 column= 1 context= <XML><section>broken</XML>
iiXml::Parser::TagParser::ParseAll failed status= open_tag_parser_rejected reason= open tag parser rejected input
GetTagInfo::Parse failed reason= "iiXml tag parser rejected input"
DivideBlock::Parse failed reason= "iiXml tag parser rejected input"
<end of output>
Test time =   0.01 sec
----------------------------------------------------------
Test Passed.
"Modifier_DivideBlock_ClassifiesDisplayBlocks" end time: May 19 12:46 KST
"Modifier_DivideBlock_ClassifiesDisplayBlocks" time elapsed: 00:00:00
----------------------------------------------------------

5/12 Testing: Modifier_BlockRangeTracker_TracksDocumentRanges
5/12 Test: Modifier_BlockRangeTracker_TracksDocumentRanges
Command: "/home/ymy/Developer/iiHtmlBlock/build/BlockRangeTracker_test"
Directory: /home/ymy/Developer/iiHtmlBlock/build
"Modifier_BlockRangeTracker_TracksDocumentRanges" start time: May 19 12:46 KST
Output:
----------------------------------------------------------
BlockRangeTracker::BlockRangeTracker constructed
BlockRangeTracker::Parse begin input_size= 104
DivideBlock::DivideBlock constructed
DivideBlock::Parse begin input_size= 67
GetTagInfo::GetTagInfo constructed
GetTagInfo::Parse begin input_size= 67
iiXml::Parser::TagParser::TagParser constructed
iiXml::Parser::TagParser::ParseAll begin input_size= 67
iiXml::Parser::TagParser::ParseAll input input_size= 67 line_count= 1 preview= <XML><section><p>One</p><p>Two</p><span>tail</sp...
iiXml::Elements::OpenTag::OpenTag constructed
iiXml::Elements::OpenTag::ParseOpenTags begin input_size= 67
iiXml::Elements::OpenTag::ParseOpenTags input input_size= 67 line_count= 1 preview= <XML><section><p>One</p><p>Two</p><span>tail</sp...
iiXml::Elements::OpenTag::ParseOpenTags parsing event= open_tag name=XML offset= 0 line= 1 column= 1 context= <XML><section><p>One</p><p>Two</...
iiXml::Elements::OpenTag::ParseOpenTags parsing event= open_tag name=section offset= 5 line= 1 column= 6 context= <XML><section><p>One</p><p>Two</p><sp...
iiXml::Elements::OpenTag::ParseOpenTags parsing event= open_tag name=p offset= 14 line= 1 column= 15 context= <XML><section><p>One</p><p>Two</p><span>tail</...
iiXml::Elements::OpenTag::ParseOpenTags parsing event= close_tag name=p offset= 20 line= 1 column= 21 context= <XML><section><p>One</p><p>Two</p><span>tail</span><...
iiXml::Elements::OpenTag::ParseOpenTags parsing event= open_tag name=p offset= 24 line= 1 column= 25 context= <XML><section><p>One</p><p>Two</p><span>tail</span></sec...
iiXml::Elements::OpenTag::ParseOpenTags parsing event= close_tag name=p offset= 30 line= 1 column= 31 context= <XML><section><p>One</p><p>Two</p><span>tail</span></section><...
iiXml::Elements::OpenTag::ParseOpenTags parsing event= open_tag name=span offset= 34 line= 1 column= 35 context= ...ML><section><p>One</p><p>Two</p><span>tail</span></section></XML...
iiXml::Elements::OpenTag::ParseOpenTags parsing event= close_tag name=span offset= 44 line= 1 column= 45 context= ...n><p>One</p><p>Two</p><span>tail</span></section></XML>
iiXml::Elements::OpenTag::ParseOpenTags parsing event= close_tag name=section offset= 51 line= 1 column= 52 context= ...e</p><p>Two</p><span>tail</span></section></XML>
iiXml::Elements::OpenTag::ParseOpenTags parsing event= close_tag name=XML offset= 61 line= 1 column= 62 context= ...o</p><span>tail</span></section></XML>
iiXml::Elements::OpenTag::ParseOpenTags parsed tag_count= 5
iiXml::Elements::OpenTag::ParseOpenTags output status= parsed summary= tag_count=5
iiXml::Parser::TagParser::ParseAll output status= ranges_collected summary= range_count=5
iiXml::Parser::TagParser::ParseAll parsing event= node_range offset= 0 line= 1 column= 1 context= <XML><section><p>One</p><p>Two</...
iiXml::Parser::TagParser::ParseAll parsing event= fields_begin offset= 0 line= 1 column= 1 context= <XML><section><p>One</p><p>Two</...
iiXml::Elements::InlineProperties::InlineProperties constructed
iiXml::Elements::InlineProperties::Parse begin input_size= 5 source_offset= 0
iiXml::Elements::InlineProperties::Parse input input_size= 5 line_count= 1 preview= <XML>
iiXml::Elements::InlineProperties::Parse parsed property_count= 0
iiXml::Elements::InlineProperties::Parse output status= parsed summary= property_count=0
iiXml::Parser::TagParser::ParseAll output status= fields_parsed summary= field_count=0
iiXml::Parser::TagParser::ParseAll parsing event= node_range offset= 5 line= 1 column= 6 context= <XML><section><p>One</p><p>Two</p><sp...
iiXml::Parser::TagParser::ParseAll parsing event= fields_begin offset= 5 line= 1 column= 6 context= <XML><section><p>One</p><p>Two</p><sp...
iiXml::Elements::InlineProperties::InlineProperties constructed
iiXml::Elements::InlineProperties::Parse begin input_size= 9 source_offset= 5
iiXml::Elements::InlineProperties::Parse input input_size= 9 line_count= 1 preview= <section>
iiXml::Elements::InlineProperties::Parse parsed property_count= 0
iiXml::Elements::InlineProperties::Parse output status= parsed summary= property_count=0
iiXml::Parser::TagParser::ParseAll output status= fields_parsed summary= field_count=0
iiXml::Parser::TagParser::ParseAll parsing event= node_range offset= 14 line= 1 column= 15 context= <XML><section><p>One</p><p>Two</p><span>tail</...
iiXml::Parser::TagParser::ParseAll parsing event= fields_begin offset= 14 line= 1 column= 15 context= <XML><section><p>One</p><p>Two</p><span>tail</...
iiXml::Elements::InlineProperties::InlineProperties constructed
iiXml::Elements::InlineProperties::Parse begin input_size= 3 source_offset= 14
iiXml::Elements::InlineProperties::Parse input input_size= 3 line_count= 1 preview= <p>
iiXml::Elements::InlineProperties::Parse parsed property_count= 0
iiXml::Elements::InlineProperties::Parse output status= parsed summary= property_count=0
iiXml::Parser::TagParser::ParseAll output status= fields_parsed summary= field_count=0
iiXml::Parser::TagParser::ParseAll parsing event= node_range offset= 24 line= 1 column= 25 context= <XML><section><p>One</p><p>Two</p><span>tail</span></sec...
iiXml::Parser::TagParser::ParseAll parsing event= fields_begin offset= 24 line= 1 column= 25 context= <XML><section><p>One</p><p>Two</p><span>tail</span></sec...
iiXml::Elements::InlineProperties::InlineProperties constructed
iiXml::Elements::InlineProperties::Parse begin input_size= 3 source_offset= 24
iiXml::Elements::InlineProperties::Parse input input_size= 3 line_count= 1 preview= <p>
iiXml::Elements::InlineProperties::Parse parsed property_count= 0
iiXml::Elements::InlineProperties::Parse output status= parsed summary= property_count=0
iiXml::Parser::TagParser::ParseAll output status= fields_parsed summary= field_count=0
iiXml::Parser::TagParser::ParseAll parsing event= node_range offset= 34 line= 1 column= 35 context= ...ML><section><p>One</p><p>Two</p><span>tail</span></section></XML...
iiXml::Parser::TagParser::ParseAll parsing event= fields_begin offset= 34 line= 1 column= 35 context= ...ML><section><p>One</p><p>Two</p><span>tail</span></section></XML...
iiXml::Elements::InlineProperties::InlineProperties constructed
iiXml::Elements::InlineProperties::Parse begin input_size= 6 source_offset= 34
iiXml::Elements::InlineProperties::Parse input input_size= 6 line_count= 1 preview= <span>
iiXml::Elements::InlineProperties::Parse parsed property_count= 0
iiXml::Elements::InlineProperties::Parse output status= parsed summary= property_count=0
iiXml::Parser::TagParser::ParseAll output status= fields_parsed summary= field_count=0
iiXml::Parser::TagParser::ParseAll parsed root_count= 1
iiXml::Parser::TagParser::ParseAll output status= parsed summary= root_count=1
GetTagInfo::Parse parsed tag= "XML" value_size= 56 field_count= 0
DivideBlock::Parse parsed element_count= 5 block_count= 3
BlockRangeTracker::BuildFromHtml parsed block_count= 3
BlockRangeTracker::BlockRangeTracker constructed
BlockRangeTracker::Parse begin input_size= 57
DivideBlock::DivideBlock constructed
DivideBlock::Parse begin input_size= 57
GetTagInfo::GetTagInfo constructed
GetTagInfo::Parse begin input_size= 57
iiXml::Parser::TagParser::TagParser constructed
iiXml::Parser::TagParser::ParseAll begin input_size= 57
iiXml::Parser::TagParser::ParseAll input input_size= 57 line_count= 1 preview= <XML><section><p>One</p><span>tail</span></secti...
iiXml::Elements::OpenTag::OpenTag constructed
iiXml::Elements::OpenTag::ParseOpenTags begin input_size= 57
iiXml::Elements::OpenTag::ParseOpenTags input input_size= 57 line_count= 1 preview= <XML><section><p>One</p><span>tail</span></secti...
iiXml::Elements::OpenTag::ParseOpenTags parsing event= open_tag name=XML offset= 0 line= 1 column= 1 context= <XML><section><p>One</p><span>ta...
iiXml::Elements::OpenTag::ParseOpenTags parsing event= open_tag name=section offset= 5 line= 1 column= 6 context= <XML><section><p>One</p><span>tail</s...
iiXml::Elements::OpenTag::ParseOpenTags parsing event= open_tag name=p offset= 14 line= 1 column= 15 context= <XML><section><p>One</p><span>tail</span></sec...
iiXml::Elements::OpenTag::ParseOpenTags parsing event= close_tag name=p offset= 20 line= 1 column= 21 context= <XML><section><p>One</p><span>tail</span></section><...
iiXml::Elements::OpenTag::ParseOpenTags parsing event= open_tag name=span offset= 24 line= 1 column= 25 context= <XML><section><p>One</p><span>tail</span></section></XML...
iiXml::Elements::OpenTag::ParseOpenTags parsing event= close_tag name=span offset= 34 line= 1 column= 35 context= ...ML><section><p>One</p><span>tail</span></section></XML>
iiXml::Elements::OpenTag::ParseOpenTags parsing event= close_tag name=section offset= 41 line= 1 column= 42 context= ...tion><p>One</p><span>tail</span></section></XML>
iiXml::Elements::OpenTag::ParseOpenTags parsing event= close_tag name=XML offset= 51 line= 1 column= 52 context= ...e</p><span>tail</span></section></XML>
iiXml::Elements::OpenTag::ParseOpenTags parsed tag_count= 4
iiXml::Elements::OpenTag::ParseOpenTags output status= parsed summary= tag_count=4
iiXml::Parser::TagParser::ParseAll output status= ranges_collected summary= range_count=4
iiXml::Parser::TagParser::ParseAll parsing event= node_range offset= 0 line= 1 column= 1 context= <XML><section><p>One</p><span>ta...
iiXml::Parser::TagParser::ParseAll parsing event= fields_begin offset= 0 line= 1 column= 1 context= <XML><section><p>One</p><span>ta...
iiXml::Elements::InlineProperties::InlineProperties constructed
iiXml::Elements::InlineProperties::Parse begin input_size= 5 source_offset= 0
iiXml::Elements::InlineProperties::Parse input input_size= 5 line_count= 1 preview= <XML>
iiXml::Elements::InlineProperties::Parse parsed property_count= 0
iiXml::Elements::InlineProperties::Parse output status= parsed summary= property_count=0
iiXml::Parser::TagParser::ParseAll output status= fields_parsed summary= field_count=0
iiXml::Parser::TagParser::ParseAll parsing event= node_range offset= 5 line= 1 column= 6 context= <XML><section><p>One</p><span>tail</s...
iiXml::Parser::TagParser::ParseAll parsing event= fields_begin offset= 5 line= 1 column= 6 context= <XML><section><p>One</p><span>tail</s...
iiXml::Elements::InlineProperties::InlineProperties constructed
iiXml::Elements::InlineProperties::Parse begin input_size= 9 source_offset= 5
iiXml::Elements::InlineProperties::Parse input input_size= 9 line_count= 1 preview= <section>
iiXml::Elements::InlineProperties::Parse parsed property_count= 0
iiXml::Elements::InlineProperties::Parse output status= parsed summary= property_count=0
iiXml::Parser::TagParser::ParseAll output status= fields_parsed summary= field_count=0
iiXml::Parser::TagParser::ParseAll parsing event= node_range offset= 14 line= 1 column= 15 context= <XML><section><p>One</p><span>tail</span></sec...
iiXml::Parser::TagParser::ParseAll parsing event= fields_begin offset= 14 line= 1 column= 15 context= <XML><section><p>One</p><span>tail</span></sec...
iiXml::Elements::InlineProperties::InlineProperties constructed
iiXml::Elements::InlineProperties::Parse begin input_size= 3 source_offset= 14
iiXml::Elements::InlineProperties::Parse input input_size= 3 line_count= 1 preview= <p>
iiXml::Elements::InlineProperties::Parse parsed property_count= 0
iiXml::Elements::InlineProperties::Parse output status= parsed summary= property_count=0
iiXml::Parser::TagParser::ParseAll output status= fields_parsed summary= field_count=0
iiXml::Parser::TagParser::ParseAll parsing event= node_range offset= 24 line= 1 column= 25 context= <XML><section><p>One</p><span>tail</span></section></XML...
iiXml::Parser::TagParser::ParseAll parsing event= fields_begin offset= 24 line= 1 column= 25 context= <XML><section><p>One</p><span>tail</span></section></XML...
iiXml::Elements::InlineProperties::InlineProperties constructed
iiXml::Elements::InlineProperties::Parse begin input_size= 6 source_offset= 24
iiXml::Elements::InlineProperties::Parse input input_size= 6 line_count= 1 preview= <span>
iiXml::Elements::InlineProperties::Parse parsed property_count= 0
iiXml::Elements::InlineProperties::Parse output status= parsed summary= property_count=0
iiXml::Parser::TagParser::ParseAll output status= fields_parsed summary= field_count=0
iiXml::Parser::TagParser::ParseAll parsed root_count= 1
iiXml::Parser::TagParser::ParseAll output status= parsed summary= root_count=1
GetTagInfo::Parse parsed tag= "XML" value_size= 46 field_count= 0
DivideBlock::Parse parsed element_count= 4 block_count= 2
BlockRangeTracker::BuildFromHtml parsed block_count= 2
BlockRangeTracker::BlockRangeTracker constructed
BlockRangeTracker::Parse begin input_size= 31
DivideBlock::DivideBlock constructed
DivideBlock::Parse begin input_size= 31
GetTagInfo::GetTagInfo constructed
GetTagInfo::Parse begin input_size= 31
iiXml::Parser::TagParser::TagParser constructed
iiXml::Parser::TagParser::ParseAll begin input_size= 31
iiXml::Parser::TagParser::ParseAll input input_size= 31 line_count= 1 preview= <XML><p>One</p><p>Two</p></XML>
iiXml::Elements::OpenTag::OpenTag constructed
iiXml::Elements::OpenTag::ParseOpenTags begin input_size= 31
iiXml::Elements::OpenTag::ParseOpenTags input input_size= 31 line_count= 1 preview= <XML><p>One</p><p>Two</p></XML>
iiXml::Elements::OpenTag::ParseOpenTags parsing event= open_tag name=XML offset= 0 line= 1 column= 1 context= <XML><p>One</p><p>Two</p></XML>
iiXml::Elements::OpenTag::ParseOpenTags parsing event= open_tag name=p offset= 5 line= 1 column= 6 context= <XML><p>One</p><p>Two</p></XML>
iiXml::Elements::OpenTag::ParseOpenTags parsing event= close_tag name=p offset= 11 line= 1 column= 12 context= <XML><p>One</p><p>Two</p></XML>
iiXml::Elements::OpenTag::ParseOpenTags parsing event= open_tag name=p offset= 15 line= 1 column= 16 context= <XML><p>One</p><p>Two</p></XML>
iiXml::Elements::OpenTag::ParseOpenTags parsing event= close_tag name=p offset= 21 line= 1 column= 22 context= <XML><p>One</p><p>Two</p></XML>
iiXml::Elements::OpenTag::ParseOpenTags parsing event= close_tag name=XML offset= 25 line= 1 column= 26 context= <XML><p>One</p><p>Two</p></XML>
iiXml::Elements::OpenTag::ParseOpenTags parsed tag_count= 3
iiXml::Elements::OpenTag::ParseOpenTags output status= parsed summary= tag_count=3
iiXml::Parser::TagParser::ParseAll output status= ranges_collected summary= range_count=3
iiXml::Parser::TagParser::ParseAll parsing event= node_range offset= 0 line= 1 column= 1 context= <XML><p>One</p><p>Two</p></XML>
iiXml::Parser::TagParser::ParseAll parsing event= fields_begin offset= 0 line= 1 column= 1 context= <XML><p>One</p><p>Two</p></XML>
iiXml::Elements::InlineProperties::InlineProperties constructed
iiXml::Elements::InlineProperties::Parse begin input_size= 5 source_offset= 0
iiXml::Elements::InlineProperties::Parse input input_size= 5 line_count= 1 preview= <XML>
iiXml::Elements::InlineProperties::Parse parsed property_count= 0
iiXml::Elements::InlineProperties::Parse output status= parsed summary= property_count=0
iiXml::Parser::TagParser::ParseAll output status= fields_parsed summary= field_count=0
iiXml::Parser::TagParser::ParseAll parsing event= node_range offset= 5 line= 1 column= 6 context= <XML><p>One</p><p>Two</p></XML>
iiXml::Parser::TagParser::ParseAll parsing event= fields_begin offset= 5 line= 1 column= 6 context= <XML><p>One</p><p>Two</p></XML>
iiXml::Elements::InlineProperties::InlineProperties constructed
iiXml::Elements::InlineProperties::Parse begin input_size= 3 source_offset= 5
iiXml::Elements::InlineProperties::Parse input input_size= 3 line_count= 1 preview= <p>
iiXml::Elements::InlineProperties::Parse parsed property_count= 0
iiXml::Elements::InlineProperties::Parse output status= parsed summary= property_count=0
iiXml::Parser::TagParser::ParseAll output status= fields_parsed summary= field_count=0
iiXml::Parser::TagParser::ParseAll parsing event= node_range offset= 15 line= 1 column= 16 context= <XML><p>One</p><p>Two</p></XML>
iiXml::Parser::TagParser::ParseAll parsing event= fields_begin offset= 15 line= 1 column= 16 context= <XML><p>One</p><p>Two</p></XML>
iiXml::Elements::InlineProperties::InlineProperties constructed
iiXml::Elements::InlineProperties::Parse begin input_size= 3 source_offset= 15
iiXml::Elements::InlineProperties::Parse input input_size= 3 line_count= 1 preview= <p>
iiXml::Elements::InlineProperties::Parse parsed property_count= 0
iiXml::Elements::InlineProperties::Parse output status= parsed summary= property_count=0
iiXml::Parser::TagParser::ParseAll output status= fields_parsed summary= field_count=0
iiXml::Parser::TagParser::ParseAll parsed root_count= 1
iiXml::Parser::TagParser::ParseAll output status= parsed summary= root_count=1
GetTagInfo::Parse parsed tag= "XML" value_size= 20 field_count= 0
DivideBlock::Parse parsed element_count= 3 block_count= 2
BlockRangeTracker::BuildFromHtml parsed block_count= 2
BlockRangeTracker::Update begin input_size= 42
DivideBlock::DivideBlock constructed
DivideBlock::Parse begin input_size= 42
GetTagInfo::GetTagInfo constructed
GetTagInfo::Parse begin input_size= 42
iiXml::Parser::TagParser::TagParser constructed
iiXml::Parser::TagParser::ParseAll begin input_size= 42
iiXml::Parser::TagParser::ParseAll input input_size= 42 line_count= 1 preview= <XML><p>Zero</p><p>One</p><p>Two</p></XML>
iiXml::Elements::OpenTag::OpenTag constructed
iiXml::Elements::OpenTag::ParseOpenTags begin input_size= 42
iiXml::Elements::OpenTag::ParseOpenTags input input_size= 42 line_count= 1 preview= <XML><p>Zero</p><p>One</p><p>Two</p></XML>
iiXml::Elements::OpenTag::ParseOpenTags parsing event= open_tag name=XML offset= 0 line= 1 column= 1 context= <XML><p>Zero</p><p>One</p><p>Two...
iiXml::Elements::OpenTag::ParseOpenTags parsing event= open_tag name=p offset= 5 line= 1 column= 6 context= <XML><p>Zero</p><p>One</p><p>Two</p><...
iiXml::Elements::OpenTag::ParseOpenTags parsing event= close_tag name=p offset= 12 line= 1 column= 13 context= <XML><p>Zero</p><p>One</p><p>Two</p></XML>
iiXml::Elements::OpenTag::ParseOpenTags parsing event= open_tag name=p offset= 16 line= 1 column= 17 context= <XML><p>Zero</p><p>One</p><p>Two</p></XML>
iiXml::Elements::OpenTag::ParseOpenTags parsing event= close_tag name=p offset= 22 line= 1 column= 23 context= <XML><p>Zero</p><p>One</p><p>Two</p></XML>
iiXml::Elements::OpenTag::ParseOpenTags parsing event= open_tag name=p offset= 26 line= 1 column= 27 context= <XML><p>Zero</p><p>One</p><p>Two</p></XML>
iiXml::Elements::OpenTag::ParseOpenTags parsing event= close_tag name=p offset= 32 line= 1 column= 33 context= <XML><p>Zero</p><p>One</p><p>Two</p></XML>
iiXml::Elements::OpenTag::ParseOpenTags parsing event= close_tag name=XML offset= 36 line= 1 column= 37 context= ...><p>Zero</p><p>One</p><p>Two</p></XML>
iiXml::Elements::OpenTag::ParseOpenTags parsed tag_count= 4
iiXml::Elements::OpenTag::ParseOpenTags output status= parsed summary= tag_count=4
iiXml::Parser::TagParser::ParseAll output status= ranges_collected summary= range_count=4
iiXml::Parser::TagParser::ParseAll parsing event= node_range offset= 0 line= 1 column= 1 context= <XML><p>Zero</p><p>One</p><p>Two...
iiXml::Parser::TagParser::ParseAll parsing event= fields_begin offset= 0 line= 1 column= 1 context= <XML><p>Zero</p><p>One</p><p>Two...
iiXml::Elements::InlineProperties::InlineProperties constructed
iiXml::Elements::InlineProperties::Parse begin input_size= 5 source_offset= 0
[...]
iiXml::Elements::InlineProperties::Parse input input_size= 13 line_count= 1 preview= <p order="1">
iiXml::Elements::InlineProperties::Parse parsing event= property name=order offset= 3 line= 1 column= 4 context= <p order="1">
iiXml::Elements::InlineProperties::Parse property name= "order" HasValue= true type= string TypeDeclared= false
iiXml::Elements::InlineProperties::Parse parsed property_count= 1
iiXml::Elements::InlineProperties::Parse output status= parsed summary= property_count=1
iiXml::Parser::TagParser::ParseAll output status= fields_parsed summary= field_count=1
iiXml::Parser::TagParser::ParseAll parsing event= node_range offset= 44 line= 1 column= 45 context= ...n id="intro"><p order="1">Hello <strong>world</strong></p><Custo...
iiXml::Parser::TagParser::ParseAll parsing event= fields_begin offset= 44 line= 1 column= 45 context= ...n id="intro"><p order="1">Hello <strong>world</strong></p><Custo...
iiXml::Elements::InlineProperties::InlineProperties constructed
iiXml::Elements::InlineProperties::Parse begin input_size= 8 source_offset= 44
iiXml::Elements::InlineProperties::Parse input input_size= 8 line_count= 1 preview= <strong>
iiXml::Elements::InlineProperties::Parse parsed property_count= 0
iiXml::Elements::InlineProperties::Parse output status= parsed summary= property_count=0
iiXml::Parser::TagParser::ParseAll output status= fields_parsed summary= field_count=0
iiXml::Parser::TagParser::ParseAll parsing event= node_range offset= 70 line= 1 column= 71 context= ...Hello <strong>world</strong></p><Custom display="block">Custom b...
iiXml::Parser::TagParser::ParseAll parsing event= fields_begin offset= 70 line= 1 column= 71 context= ...Hello <strong>world</strong></p><Custom display="block">Custom b...
iiXml::Elements::InlineProperties::InlineProperties constructed
iiXml::Elements::InlineProperties::Parse begin input_size= 24 source_offset= 70
iiXml::Elements::InlineProperties::Parse input input_size= 24 line_count= 1 preview= <Custom display="block">
iiXml::Elements::InlineProperties::Parse parsing event= property name=display offset= 8 line= 1 column= 9 context= <Custom display="block">
iiXml::Elements::InlineProperties::Parse property name= "display" HasValue= true type= string TypeDeclared= false
iiXml::Elements::InlineProperties::Parse parsed property_count= 1
iiXml::Elements::InlineProperties::Parse output status= parsed summary= property_count=1
iiXml::Parser::TagParser::ParseAll output status= fields_parsed summary= field_count=1
iiXml::Parser::TagParser::ParseAll parsing event= node_range offset= 115 line= 1 column= 116 context= ...ay="block">Custom block</Custom><span>tail</span></section></XML...
iiXml::Parser::TagParser::ParseAll parsing event= fields_begin offset= 115 line= 1 column= 116 context= ...ay="block">Custom block</Custom><span>tail</span></section></XML...
iiXml::Elements::InlineProperties::InlineProperties constructed
iiXml::Elements::InlineProperties::Parse begin input_size= 6 source_offset= 115
iiXml::Elements::InlineProperties::Parse input input_size= 6 line_count= 1 preview= <span>
iiXml::Elements::InlineProperties::Parse parsed property_count= 0
iiXml::Elements::InlineProperties::Parse output status= parsed summary= property_count=0
iiXml::Parser::TagParser::ParseAll output status= fields_parsed summary= field_count=0
iiXml::Parser::TagParser::ParseAll parsed root_count= 1
iiXml::Parser::TagParser::ParseAll output status= parsed summary= root_count=1
GetTagInfo::Parse parsed tag= "XML" value_size= 137 field_count= 0
DivideBlock::Parse parsed element_count= 6 block_count= 3
BlockRangeTracker::BuildFromHtml parsed block_count= 3
BlockHTMLSerializer::BlockHTMLSerializer constructed
BlockHTMLSerializer::SerializeBlocks block_count= 3 html_size= 137
DeleteBlock::DeleteBlock constructed
DeleteBlock::Parse begin input_size= 148
DivideBlock::DivideBlock constructed
DivideBlock::Parse begin input_size= 148
GetTagInfo::GetTagInfo constructed
GetTagInfo::Parse begin input_size= 148
iiXml::Parser::TagParser::TagParser constructed
iiXml::Parser::TagParser::ParseAll begin input_size= 148
iiXml::Parser::TagParser::ParseAll input input_size= 148 line_count= 1 preview= <XML><section id="intro"><p order="1">Hello <str...
iiXml::Elements::OpenTag::OpenTag constructed
iiXml::Elements::OpenTag::ParseOpenTags begin input_size= 148
iiXml::Elements::OpenTag::ParseOpenTags input input_size= 148 line_count= 1 preview= <XML><section id="intro"><p order="1">Hello <str...
iiXml::Elements::OpenTag::ParseOpenTags parsing event= open_tag name=XML offset= 0 line= 1 column= 1 context= <XML><section id="intro"><p orde...
iiXml::Elements::OpenTag::ParseOpenTags parsing event= open_tag name=section offset= 5 line= 1 column= 6 context= <XML><section id="intro"><p order="1"...
iiXml::Elements::OpenTag::ParseOpenTags parsing event= open_tag name=p offset= 25 line= 1 column= 26 context= <XML><section id="intro"><p order="1">Hello <strong>world...
iiXml::Elements::OpenTag::ParseOpenTags parsing event= open_tag name=strong offset= 44 line= 1 column= 45 context= ...n id="intro"><p order="1">Hello <strong>world</strong></p><Custo...
iiXml::Elements::OpenTag::ParseOpenTags parsing event= close_tag name=strong offset= 57 line= 1 column= 58 context= ...<p order="1">Hello <strong>world</strong></p><Custom display="bl...
iiXml::Elements::OpenTag::ParseOpenTags parsing event= close_tag name=p offset= 66 line= 1 column= 67 context= ..."1">Hello <strong>world</strong></p><Custom display="block">Cust...
iiXml::Elements::OpenTag::ParseOpenTags parsing event= open_tag name=Custom offset= 70 line= 1 column= 71 context= ...Hello <strong>world</strong></p><Custom display="block">Custom b...
iiXml::Elements::OpenTag::ParseOpenTags parsing event= close_tag name=Custom offset= 106 line= 1 column= 107 context= ...tom display="block">Custom block</Custom><span>tail</span></sect...
iiXml::Elements::OpenTag::ParseOpenTags parsing event= open_tag name=span offset= 115 line= 1 column= 116 context= ...ay="block">Custom block</Custom><span>tail</span></section></XML...
iiXml::Elements::OpenTag::ParseOpenTags parsing event= close_tag name=span offset= 125 line= 1 column= 126 context= ...>Custom block</Custom><span>tail</span></section></XML>
iiXml::Elements::OpenTag::ParseOpenTags parsing event= close_tag name=section offset= 132 line= 1 column= 133 context= ... block</Custom><span>tail</span></section></XML>
iiXml::Elements::OpenTag::ParseOpenTags parsing event= close_tag name=XML offset= 142 line= 1 column= 143 context= ...stom><span>tail</span></section></XML>
iiXml::Elements::OpenTag::ParseOpenTags parsed tag_count= 6
iiXml::Elements::OpenTag::ParseOpenTags output status= parsed summary= tag_count=6
iiXml::Parser::TagParser::ParseAll output status= ranges_collected summary= range_count=6
iiXml::Parser::TagParser::ParseAll parsing event= node_range offset= 0 line= 1 column= 1 context= <XML><section id="intro"><p orde...
iiXml::Parser::TagParser::ParseAll parsing event= fields_begin offset= 0 line= 1 column= 1 context= <XML><section id="intro"><p orde...
iiXml::Elements::InlineProperties::InlineProperties constructed
iiXml::Elements::InlineProperties::Parse begin input_size= 5 source_offset= 0
iiXml::Elements::InlineProperties::Parse input input_size= 5 line_count= 1 preview= <XML>
iiXml::Elements::InlineProperties::Parse parsed property_count= 0
iiXml::Elements::InlineProperties::Parse output status= parsed summary= property_count=0
iiXml::Parser::TagParser::ParseAll output status= fields_parsed summary= field_count=0
iiXml::Parser::TagParser::ParseAll parsing event= node_range offset= 5 line= 1 column= 6 context= <XML><section id="intro"><p order="1"...
iiXml::Parser::TagParser::ParseAll parsing event= fields_begin offset= 5 line= 1 column= 6 context= <XML><section id="intro"><p order="1"...
iiXml::Elements::InlineProperties::InlineProperties constructed
iiXml::Elements::InlineProperties::Parse begin input_size= 20 source_offset= 5
iiXml::Elements::InlineProperties::Parse input input_size= 20 line_count= 1 preview= <section id="intro">
iiXml::Elements::InlineProperties::Parse parsing event= property name=id offset= 9 line= 1 column= 10 context= <section id="intro">
iiXml::Elements::InlineProperties::Parse property name= "id" HasValue= true type= string TypeDeclared= false
iiXml::Elements::InlineProperties::Parse parsed property_count= 1
iiXml::Elements::InlineProperties::Parse output status= parsed summary= property_count=1
iiXml::Parser::TagParser::ParseAll output status= fields_parsed summary= field_count=1
iiXml::Parser::TagParser::ParseAll parsing event= node_range offset= 25 line= 1 column= 26 context= <XML><section id="intro"><p order="1">Hello <strong>world...
iiXml::Parser::TagParser::ParseAll parsing event= fields_begin offset= 25 line= 1 column= 26 context= <XML><section id="intro"><p order="1">Hello <strong>world...
iiXml::Elements::InlineProperties::InlineProperties constructed
iiXml::Elements::InlineProperties::Parse begin input_size= 13 source_offset= 25
iiXml::Elements::InlineProperties::Parse input input_size= 13 line_count= 1 preview= <p order="1">
iiXml::Elements::InlineProperties::Parse parsing event= property name=order offset= 3 line= 1 column= 4 context= <p order="1">
iiXml::Elements::InlineProperties::Parse property name= "order" HasValue= true type= string TypeDeclared= false
iiXml::Elements::InlineProperties::Parse parsed property_count= 1
iiXml::Elements::InlineProperties::Parse output status= parsed summary= property_count=1
iiXml::Parser::TagParser::ParseAll output status= fields_parsed summary= field_count=1
iiXml::Parser::TagParser::ParseAll parsing event= node_range offset= 44 line= 1 column= 45 context= ...n id="intro"><p order="1">Hello <strong>world</strong></p><Custo...
iiXml::Parser::TagParser::ParseAll parsing event= fields_begin offset= 44 line= 1 column= 45 context= ...n id="intro"><p order="1">Hello <strong>world</strong></p><Custo...
iiXml::Elements::InlineProperties::InlineProperties constructed
iiXml::Elements::InlineProperties::Parse begin input_size= 8 source_offset= 44
iiXml::Elements::InlineProperties::Parse input input_size= 8 line_count= 1 preview= <strong>
iiXml::Elements::InlineProperties::Parse parsed property_count= 0
iiXml::Elements::InlineProperties::Parse output status= parsed summary= property_count=0
iiXml::Parser::TagParser::ParseAll output status= fields_parsed summary= field_count=0
iiXml::Parser::TagParser::ParseAll parsing event= node_range offset= 70 line= 1 column= 71 context= ...Hello <strong>world</strong></p><Custom display="block">Custom b...
iiXml::Parser::TagParser::ParseAll parsing event= fields_begin offset= 70 line= 1 column= 71 context= ...Hello <strong>world</strong></p><Custom display="block">Custom b...
iiXml::Elements::InlineProperties::InlineProperties constructed
iiXml::Elements::InlineProperties::Parse begin input_size= 24 source_offset= 70
iiXml::Elements::InlineProperties::Parse input input_size= 24 line_count= 1 preview= <Custom display="block">
iiXml::Elements::InlineProperties::Parse parsing event= property name=display offset= 8 line= 1 column= 9 context= <Custom display="block">
iiXml::Elements::InlineProperties::Parse property name= "display" HasValue= true type= string TypeDeclared= false
iiXml::Elements::InlineProperties::Parse parsed property_count= 1
iiXml::Elements::InlineProperties::Parse output status= parsed summary= property_count=1
iiXml::Parser::TagParser::ParseAll output status= fields_parsed summary= field_count=1
iiXml::Parser::TagParser::ParseAll parsing event= node_range offset= 115 line= 1 column= 116 context= ...ay="block">Custom block</Custom><span>tail</span></section></XML...
iiXml::Parser::TagParser::ParseAll parsing event= fields_begin offset= 115 line= 1 column= 116 context= ...ay="block">Custom block</Custom><span>tail</span></section></XML...
iiXml::Elements::InlineProperties::InlineProperties constructed
iiXml::Elements::InlineProperties::Parse begin input_size= 6 source_offset= 115
iiXml::Elements::InlineProperties::Parse input input_size= 6 line_count= 1 preview= <span>
iiXml::Elements::InlineProperties::Parse parsed property_count= 0
iiXml::Elements::InlineProperties::Parse output status= parsed summary= property_count=0
iiXml::Parser::TagParser::ParseAll output status= fields_parsed summary= field_count=0
iiXml::Parser::TagParser::ParseAll parsed root_count= 1
iiXml::Parser::TagParser::ParseAll output status= parsed summary= root_count=1
GetTagInfo::Parse parsed tag= "XML" value_size= 137 field_count= 0
DivideBlock::Parse parsed element_count= 6 block_count= 3
DeleteBlock::Parse parsed block_count= 3
DivideBlock::DivideBlock constructed
DivideBlock::Parse begin input_size= 103
GetTagInfo::GetTagInfo constructed
GetTagInfo::Parse begin input_size= 103
iiXml::Parser::TagParser::TagParser constructed
iiXml::Parser::TagParser::ParseAll begin input_size= 103
iiXml::Parser::TagParser::ParseAll input input_size= 103 line_count= 1 preview= <XML><section id="intro"><Custom display="block"...
iiXml::Elements::OpenTag::OpenTag constructed
iiXml::Elements::OpenTag::ParseOpenTags begin input_size= 103
iiXml::Elements::OpenTag::ParseOpenTags input input_size= 103 line_count= 1 preview= <XML><section id="intro"><Custom display="block"...
iiXml::Elements::OpenTag::ParseOpenTags parsing event= open_tag name=XML offset= 0 line= 1 column= 1 context= <XML><section id="intro"><Custom...
iiXml::Elements::OpenTag::ParseOpenTags parsing event= open_tag name=section offset= 5 line= 1 column= 6 context= <XML><section id="intro"><Custom disp...
iiXml::Elements::OpenTag::ParseOpenTags parsing event= open_tag name=Custom offset= 25 line= 1 column= 26 context= <XML><section id="intro"><Custom display="block">Custom b...
iiXml::Elements::OpenTag::ParseOpenTags parsing event= close_tag name=Custom offset= 61 line= 1 column= 62 context= ...tom display="block">Custom block</Custom><span>tail</span></sect...
iiXml::Elements::OpenTag::ParseOpenTags parsing event= open_tag name=span offset= 70 line= 1 column= 71 context= ...ay="block">Custom block</Custom><span>tail</span></section></XML...
iiXml::Elements::OpenTag::ParseOpenTags parsing event= close_tag name=span offset= 80 line= 1 column= 81 context= ...>Custom block</Custom><span>tail</span></section></XML>
iiXml::Elements::OpenTag::ParseOpenTags parsing event= close_tag name=section offset= 87 line= 1 column= 88 context= ... block</Custom><span>tail</span></section></XML>
iiXml::Elements::OpenTag::ParseOpenTags parsing event= close_tag name=XML offset= 97 line= 1 column= 98 context= ...stom><span>tail</span></section></XML>
iiXml::Elements::OpenTag::ParseOpenTags parsed tag_count= 4
iiXml::Elements::OpenTag::ParseOpenTags output status= parsed summary= tag_count=4
iiXml::Parser::TagParser::ParseAll output status= ranges_collected summary= range_count=4
iiXml::Parser::TagParser::ParseAll parsing event= node_range offset= 0 line= 1 column= 1 context= <XML><section id="intro"><Custom...
iiXml::Parser::TagParser::ParseAll parsing event= fields_begin offset= 0 line= 1 column= 1 context= <XML><section id="intro"><Custom...
iiXml::Elements::InlineProperties::InlineProperties constructed
iiXml::Elements::InlineProperties::Parse begin input_size= 5 source_offset= 0
iiXml::Elements::InlineProperties::Parse input input_size= 5 line_count= 1 preview= <XML>
iiXml::Elements::InlineProperties::Parse parsed property_count= 0
iiXml::Elements::InlineProperties::Parse output status= parsed summary= property_count=0
iiXml::Parser::TagParser::ParseAll output status= fields_parsed summary= field_count=0
iiXml::Parser::TagParser::ParseAll parsing event= node_range offset= 5 line= 1 column= 6 context= <XML><section id="intro"><Custom disp...
iiXml::Parser::TagParser::ParseAll parsing event= fields_begin offset= 5 line= 1 column= 6 context= <XML><section id="intro"><Custom disp...
iiXml::Elements::InlineProperties::InlineProperties constructed
iiXml::Elements::InlineProperties::Parse begin input_size= 20 source_offset= 5
iiXml::Elements::InlineProperties::Parse input input_size= 20 line_count= 1 preview= <section id="intro">
iiXml::Elements::InlineProperties::Parse parsing event= property name=id offset= 9 line= 1 column= 10 context= <section id="intro">
iiXml::Elements::InlineProperties::Parse property name= "id" HasValue= true type= string TypeDeclared= false
iiXml::Elements::InlineProperties::Parse parsed property_count= 1
iiXml::Elements::InlineProperties::Parse output status= parsed summary= property_count=1
iiXml::Parser::TagParser::ParseAll output status= fields_parsed summary= field_count=1
iiXml::Parser::TagParser::ParseAll parsing event= node_range offset= 25 line= 1 column= 26 context= <XML><section id="intro"><Custom display="block">Custom b...
iiXml::Parser::TagParser::ParseAll parsing event= fields_begin offset= 25 line= 1 column= 26 context= <XML><section id="intro"><Custom display="block">Custom b...
iiXml::Elements::InlineProperties::InlineProperties constructed
iiXml::Elements::InlineProperties::Parse begin input_size= 24 source_offset= 25
iiXml::Elements::InlineProperties::Parse input input_size= 24 line_count= 1 preview= <Custom display="block">
iiXml::Elements::InlineProperties::Parse parsing event= property name=display offset= 8 line= 1 column= 9 context= <Custom display="block">
iiXml::Elements::InlineProperties::Parse property name= "display" HasValue= true type= string TypeDeclared= false
iiXml::Elements::InlineProperties::Parse parsed property_count= 1
iiXml::Elements::InlineProperties::Parse output status= parsed summary= property_count=1
iiXml::Parser::TagParser::ParseAll output status= fields_parsed summary= field_count=1
iiXml::Parser::TagParser::ParseAll parsing event= node_range offset= 70 line= 1 column= 71 context= ...ay="block">Custom block</Custom><span>tail</span></section></XML...
iiXml::Parser::TagParser::ParseAll parsing event= fields_begin offset= 70 line= 1 column= 71 context= ...ay="block">Custom block</Custom><span>tail</span></section></XML...
iiXml::Elements::InlineProperties::InlineProperties constructed
iiXml::Elements::InlineProperties::Parse begin input_size= 6 source_offset= 70
iiXml::Elements::InlineProperties::Parse input input_size= 6 line_count= 1 preview= <span>
iiXml::Elements::InlineProperties::Parse parsed property_count= 0
iiXml::Elements::InlineProperties::Parse output status= parsed summary= property_count=0
iiXml::Parser::TagParser::ParseAll output status= fields_parsed summary= field_count=0
iiXml::Parser::TagParser::ParseAll parsed root_count= 1
iiXml::Parser::TagParser::ParseAll output status= parsed summary= root_count=1
GetTagInfo::Parse parsed tag= "XML" value_size= 92 field_count= 0
DivideBlock::Parse parsed element_count= 4 block_count= 2
DeleteBlock::Delete deleted_count= 1 block_count= 2
CombineBlock::CombineBlock constructed
CombineBlock::SetBlocks block_count= 3
CombineBlock::CombineSelected combined_count= 1
BlockHTMLSerializer::SerializeCombinedBlocks combined_count= 1 html_size= 90
FlattenBlock::FlattenBlock constructed
FlattenBlock::SetBlocks block_count= 3
FlattenBlock::LayerAll layered block_count= 3
root_tag=XML
html=<XML><section id="intro"><p order="1">Hello <strong>world</strong></p><Custom display="block">Custom block</Custom><span>tail</span></section></XML>
block_count=3
tracked_hello_block_id=2
combined_html=<p order="1">Hello <strong>world</strong></p><Custom display="block">Custom block</Custom>
deleted_html=<XML><section id="intro"><Custom display="block">Custom block</Custom><span>tail</span></section></XML>
combined_count=1
layer_block_count=3
<end of output>
Test time =   0.01 sec
----------------------------------------------------------
Test Passed.
"Example_ParsedXmlHtml_HandlesParsedXmlAndHtml" end time: May 19 12:46 KST
"Example_ParsedXmlHtml_HandlesParsedXmlAndHtml" time elapsed: 00:00:00
----------------------------------------------------------

End testing: May 19 12:46 KST
